2024-04-23 10:50:51,343 [INFO] Activator:176 - 


2024-04-23 10:50:51,351 [INFO] Activator:177 - !SESSION log4j initialized
2024-04-23 10:50:58,023 [INFO] LogOutputStream:77 - [STDOUT_REDIRECT] 
2024-04-23 10:50:59,339 [INFO] ApplicationProperties:184 - Using Application install path: C:\ST\STM32CubeIDE_1.15.0\STM32CubeIDE\plugins\com.st.stm32cube.common.mx_6.11.0.202403141607
2024-04-23 10:50:59,364 [INFO] DbMcusXml:78 - Set database path to: C:\ST\STM32CubeIDE_1.15.0\STM32CubeIDE\plugins\com.st.stm32cube.common.mx_6.11.0.202403141607\\db\/mcu/
2024-04-23 10:50:59,365 [INFO] ApiDb:274 - Set plugin database path to: C:\ST\STM32CubeIDE_1.15.0\STM32CubeIDE\plugins\com.st.stm32cube.common.mx_6.11.0.202403141607\\db\/plugins/boardmanager/
2024-04-23 10:50:59,366 [WARN] ApiDb:259 - Overriding images path with different value:  => C:\ST\STM32CubeIDE_1.15.0\STM32CubeIDE\plugins\com.st.stm32cube.common.mx_6.11.0.202403141607\\db\/plugins/mcufinder/images/
2024-04-23 10:50:59,376 [INFO] ApiDb:250 - Set database path to: C:\Users\fabia\.stmcufinder\plugins\mcufinder//mcu/
2024-04-23 10:50:59,378 [INFO] DbMcusAds:125 - Set database path to: C:\Users\fabia\.stmcufinder\plugins\mcufinder//mcu/
2024-04-23 10:50:59,381 [INFO] CrossReferenceDbSqlite:203 - Set database path to: C:\Users\fabia\.stmcufinder\plugins\mcufinder//mcu/cs/
2024-04-23 10:50:59,519 [INFO] RulesReader:64 - Compatibility file has been processed (297 Rules)
2024-04-23 10:50:59,630 [INFO] DbMcusXml:78 - Set database path to: C:\ST\STM32CubeIDE_1.15.0\STM32CubeIDE\plugins\com.st.stm32cube.common.mx_6.11.0.202403141607\\db\/mcu/
2024-04-23 10:50:59,631 [INFO] ApiDb:274 - Set plugin database path to: C:\ST\STM32CubeIDE_1.15.0\STM32CubeIDE\plugins\com.st.stm32cube.common.mx_6.11.0.202403141607\\db\/plugins/boardmanager/
2024-04-23 10:50:59,631 [INFO] ApiDb:261 - Set plugin images path to: C:\ST\STM32CubeIDE_1.15.0\STM32CubeIDE\plugins\com.st.stm32cube.common.mx_6.11.0.202403141607\\db\/plugins/mcufinder/images/
2024-04-23 10:50:59,631 [WARN] DbFile:41 - Overriding database path with different value: C:\Users\fabia\.stmcufinder\plugins\mcufinder/ => C:\Users\fabia\.stmcufinder\plugins\mcufinder
2024-04-23 10:50:59,631 [INFO] ApiDb:250 - Set database path to: C:\Users\fabia\.stmcufinder\plugins\mcufinder//mcu/
2024-04-23 10:50:59,631 [WARN] DbFile:41 - Overriding database path with different value: C:\Users\fabia\.stmcufinder\plugins\mcufinder/ => C:\Users\fabia\.stmcufinder\plugins\mcufinder
2024-04-23 10:50:59,631 [INFO] DbMcusAds:125 - Set database path to: C:\Users\fabia\.stmcufinder\plugins\mcufinder//mcu/
2024-04-23 10:50:59,631 [WARN] DbFile:41 - Overriding database path with different value: C:\Users\fabia\.stmcufinder\plugins\mcufinder/ => C:\Users\fabia\.stmcufinder\plugins\mcufinder
2024-04-23 10:50:59,631 [WARN] DbFile:41 - Overriding database path with different value: C:\Users\fabia\.stmcufinder\plugins\mcufinder/ => C:\Users\fabia\.stmcufinder\plugins\mcufinder
2024-04-23 10:50:59,631 [INFO] CrossReferenceDbSqlite:203 - Set database path to: C:\Users\fabia\.stmcufinder\plugins\mcufinder//mcu/cs/
2024-04-23 10:50:59,734 [INFO] MainPanel:264 - HeapMemory: 268435456
2024-04-23 10:50:59,889 [INFO] DbMcusXml:78 - Set database path to: C:\ST\STM32CubeIDE_1.15.0\STM32CubeIDE\plugins\com.st.stm32cube.common.mx_6.11.0.202403141607\\db\/mcu/
2024-04-23 10:50:59,889 [INFO] ApiDb:274 - Set plugin database path to: C:\ST\STM32CubeIDE_1.15.0\STM32CubeIDE\plugins\com.st.stm32cube.common.mx_6.11.0.202403141607\\db\/plugins/boardmanager/
2024-04-23 10:50:59,889 [INFO] ApiDb:261 - Set plugin images path to: C:\ST\STM32CubeIDE_1.15.0\STM32CubeIDE\plugins\com.st.stm32cube.common.mx_6.11.0.202403141607\\db\/plugins/mcufinder/images/
2024-04-23 10:50:59,890 [WARN] DbFile:41 - Overriding database path with different value: C:\Users\fabia\.stmcufinder\plugins\mcufinder/ => C:\Users\fabia\.stmcufinder\plugins\mcufinder
2024-04-23 10:50:59,890 [INFO] ApiDb:250 - Set database path to: C:\Users\fabia\.stmcufinder\plugins\mcufinder//mcu/
2024-04-23 10:50:59,890 [WARN] DbFile:41 - Overriding database path with different value: C:\Users\fabia\.stmcufinder\plugins\mcufinder/ => C:\Users\fabia\.stmcufinder\plugins\mcufinder
2024-04-23 10:50:59,891 [INFO] DbMcusAds:125 - Set database path to: C:\Users\fabia\.stmcufinder\plugins\mcufinder//mcu/
2024-04-23 10:50:59,891 [WARN] DbFile:41 - Overriding database path with different value: C:\Users\fabia\.stmcufinder\plugins\mcufinder/ => C:\Users\fabia\.stmcufinder\plugins\mcufinder
2024-04-23 10:50:59,891 [WARN] DbFile:41 - Overriding database path with different value: C:\Users\fabia\.stmcufinder\plugins\mcufinder/ => C:\Users\fabia\.stmcufinder\plugins\mcufinder
2024-04-23 10:50:59,891 [INFO] CrossReferenceDbSqlite:203 - Set database path to: C:\Users\fabia\.stmcufinder\plugins\mcufinder//mcu/cs/
2024-04-23 10:50:59,919 [INFO] ApplicationProperties:184 - Using Application install path: C:\ST\STM32CubeIDE_1.15.0\STM32CubeIDE\plugins\com.st.stm32cube.common.mx_6.11.0.202403141607
2024-04-23 10:50:59,921 [INFO] PluginManage:196 - Search for loadable plugins [exclusion list=, ]
2024-04-23 10:50:59,925 [INFO] PluginManage:310 - Check plugin analytics
2024-04-23 10:51:00,189 [INFO] AnalyticsPlugin:253 - Accepted Software Licenses: 
2024-04-23 10:51:00,190 [INFO] AnalyticsPlugin:255 - Accepted CMSIS Pack Licenses: 
2024-04-23 10:51:00,190 [INFO] AnalyticsPlugin:257 - Accepted Firmware Licenses: 
2024-04-23 10:51:00,195 [INFO] PluginManage:359 - Loaded plugin analytics (category:tool,tabindex:-1)
2024-04-23 10:51:00,195 [INFO] PluginManage:310 - Check plugin cadmodel
2024-04-23 10:51:00,203 [INFO] CADModel:105 - Init CAD model plugin
2024-04-23 10:51:00,204 [INFO] PluginManage:359 - Loaded plugin cadmodel (category:power,tabindex:5)
2024-04-23 10:51:00,204 [INFO] PluginManage:310 - Check plugin clock
2024-04-23 10:51:00,222 [INFO] PluginManage:359 - Loaded plugin clock (category:base,tabindex:2)
2024-04-23 10:51:00,223 [INFO] PluginManage:310 - Check plugin ddr
2024-04-23 10:51:00,227 [INFO] PluginManage:359 - Loaded plugin ddr (category:tool,tabindex:6)
2024-04-23 10:51:00,227 [INFO] PluginManage:310 - Check plugin filemanager
2024-04-23 10:51:00,408 [INFO] PluginManage:359 - Loaded plugin filemanager (category:base,tabindex:10)
2024-04-23 10:51:00,408 [INFO] PluginManage:310 - Check plugin ipmanager
2024-04-23 10:51:00,418 [INFO] PluginManage:359 - Loaded plugin ipmanager (category:base,tabindex:5)
2024-04-23 10:51:00,418 [INFO] PluginManage:310 - Check plugin lpbam
2024-04-23 10:51:00,431 [INFO] PluginManage:359 - Loaded plugin lpbam (category:base,tabindex:0)
2024-04-23 10:51:00,432 [INFO] PluginManage:310 - Check plugin memorymap
2024-04-23 10:51:00,452 [INFO] PluginManage:359 - Loaded plugin memorymap (category:base,tabindex:4)
2024-04-23 10:51:00,452 [INFO] PluginManage:310 - Check plugin pinoutandconfiguration
2024-04-23 10:51:00,464 [INFO] PluginManage:359 - Loaded plugin pinoutandconfiguration (category:base,tabindex:1)
2024-04-23 10:51:00,464 [INFO] PluginManage:310 - Check plugin pinoutconfig
2024-04-23 10:51:00,560 [WARN] SupportedApi:132 - Cannot load RTOS API schema: s4s-elt-must-match.1: The content of 'definitions' must match (annotation?, (simpleType | complexType)?, (unique | key | keyref)*)). A problem was found starting at: attribute.
2024-04-23 10:51:00,710 [INFO] PluginManage:359 - Loaded plugin pinoutconfig (category:base,tabindex:0)
2024-04-23 10:51:00,711 [INFO] PluginManage:310 - Check plugin power
2024-04-23 10:51:00,727 [INFO] PluginManage:359 - Loaded plugin power (category:power,tabindex:4)
2024-04-23 10:51:00,727 [INFO] PluginManage:310 - Check plugin projectmanager
2024-04-23 10:51:00,746 [INFO] PluginManage:359 - Loaded plugin projectmanager (category:projectmanager,tabindex:3)
2024-04-23 10:51:00,746 [INFO] PluginManage:310 - Check plugin thirdparty
2024-04-23 10:51:00,956 [INFO] PluginManage:359 - Loaded plugin thirdparty (category:base,tabindex:-1)
2024-04-23 10:51:00,956 [WARN] IntegrityCheckThread:84 - waiting for thirdparty lock release [integrity check]
2024-04-23 10:51:00,957 [INFO] PluginManage:310 - Check plugin tools
2024-04-23 10:51:00,956 [INFO] IntegrityCheckThread:86 - entering critical section [integrity check]
2024-04-23 10:51:00,957 [INFO] ThirdPartyUpdaterWithRetryManager:70 - Updater plugin not ready yet. [1/15]
2024-04-23 10:51:00,961 [INFO] PluginManage:359 - Loaded plugin tools (category:base,tabindex:7)
2024-04-23 10:51:00,962 [INFO] PluginManage:310 - Check plugin tutovideos
2024-04-23 10:51:01,180 [INFO] PluginManage:359 - Loaded plugin tutovideos (category:base,tabindex:-1)
2024-04-23 10:51:01,180 [INFO] PluginManage:310 - Check plugin updater
2024-04-23 10:51:01,194 [INFO] PluginManage:359 - Loaded plugin updater (category:base,tabindex:12)
2024-04-23 10:51:01,194 [INFO] PluginManage:310 - Check plugin userauth
2024-04-23 10:51:01,202 [INFO] UserAuth:114 - Init User Auth plugin
2024-04-23 10:51:01,202 [INFO] PluginManage:359 - Loaded plugin userauth (category:base,tabindex:14)
2024-04-23 10:51:01,202 [INFO] PluginManage:283 - PluginManage : Loaded plugins [17]
2024-04-23 10:51:01,469 [INFO] PinOutPanel:1561 - setPackage(No Configuration,No Configuration)
2024-04-23 10:51:01,565 [INFO] CADModel:165 - CPN selected for project level
2024-04-23 10:51:01,565 [INFO] CADModel:114 - Register for checkConnection events
2024-04-23 10:51:01,590 [INFO] IPUIPlugin:80 - create IPUIPlugin
2024-04-23 10:51:01,591 [INFO] PluginManager:220 - loadIPPluginJar : add adc
2024-04-23 10:51:01,595 [INFO] IPUIPlugin:80 - create IPUIPlugin
2024-04-23 10:51:01,595 [INFO] PluginManager:220 - loadIPPluginJar : add aes
2024-04-23 10:51:01,599 [INFO] IPUIPlugin:80 - create IPUIPlugin
2024-04-23 10:51:01,599 [INFO] PluginManager:220 - loadIPPluginJar : add can
2024-04-23 10:51:01,602 [INFO] IPUIPlugin:80 - create IPUIPlugin
2024-04-23 10:51:01,602 [INFO] PluginManager:220 - loadIPPluginJar : add comp
2024-04-23 10:51:01,606 [INFO] IPUIPlugin:80 - create IPUIPlugin
2024-04-23 10:51:01,606 [INFO] PluginManager:220 - loadIPPluginJar : add cryp
2024-04-23 10:51:01,610 [INFO] IPUIPlugin:80 - create IPUIPlugin
2024-04-23 10:51:01,610 [INFO] PluginManager:220 - loadIPPluginJar : add dfsdm
2024-04-23 10:51:01,618 [INFO] IPUIPlugin:80 - create IPUIPlugin
2024-04-23 10:51:01,619 [INFO] PluginManager:220 - loadIPPluginJar : add dma
2024-04-23 10:51:01,624 [INFO] IPUIPlugin:80 - create IPUIPlugin
2024-04-23 10:51:01,624 [INFO] PluginManager:220 - loadIPPluginJar : add dma3
2024-04-23 10:51:01,629 [INFO] IPUIPlugin:80 - create IPUIPlugin
2024-04-23 10:51:01,629 [INFO] PluginManager:220 - loadIPPluginJar : add extmemmanager
2024-04-23 10:51:01,632 [INFO] IPUIPlugin:80 - create IPUIPlugin
2024-04-23 10:51:01,632 [INFO] PluginManager:220 - loadIPPluginJar : add fatfs
2024-04-23 10:51:01,638 [INFO] IPUIPlugin:80 - create IPUIPlugin
2024-04-23 10:51:01,638 [INFO] PluginManager:220 - loadIPPluginJar : add fmc
2024-04-23 10:51:01,646 [INFO] IPUIPlugin:80 - create IPUIPlugin
2024-04-23 10:51:01,646 [INFO] PluginManager:220 - loadIPPluginJar : add freertos
2024-04-23 10:51:01,649 [INFO] IPUIPlugin:80 - create IPUIPlugin
2024-04-23 10:51:01,649 [INFO] PluginManager:220 - loadIPPluginJar : add genericplugin
2024-04-23 10:51:01,653 [INFO] IPUIPlugin:80 - create IPUIPlugin
2024-04-23 10:51:01,653 [INFO] PluginManager:220 - loadIPPluginJar : add gfxmmu
2024-04-23 10:51:01,659 [INFO] IPUIPlugin:80 - create IPUIPlugin
2024-04-23 10:51:01,659 [INFO] PluginManager:220 - loadIPPluginJar : add gic
2024-04-23 10:51:01,666 [INFO] IPUIPlugin:80 - create IPUIPlugin
2024-04-23 10:51:01,666 [INFO] PluginManager:220 - loadIPPluginJar : add gpio
2024-04-23 10:51:01,670 [INFO] IPUIPlugin:80 - create IPUIPlugin
2024-04-23 10:51:01,670 [INFO] PluginManager:220 - loadIPPluginJar : add gtzc
2024-04-23 10:51:01,674 [INFO] IPUIPlugin:80 - create IPUIPlugin
2024-04-23 10:51:01,675 [INFO] PluginManager:220 - loadIPPluginJar : add hash
2024-04-23 10:51:01,681 [INFO] IPUIPlugin:80 - create IPUIPlugin
2024-04-23 10:51:01,681 [INFO] PluginManager:220 - loadIPPluginJar : add i2c
2024-04-23 10:51:01,685 [INFO] IPUIPlugin:80 - create IPUIPlugin
2024-04-23 10:51:01,685 [INFO] PluginManager:220 - loadIPPluginJar : add i2s
2024-04-23 10:51:01,690 [INFO] IPUIPlugin:80 - create IPUIPlugin
2024-04-23 10:51:01,690 [INFO] PluginManager:220 - loadIPPluginJar : add i3c
2024-04-23 10:51:01,695 [INFO] IPUIPlugin:80 - create IPUIPlugin
2024-04-23 10:51:01,695 [INFO] PluginManager:220 - loadIPPluginJar : add ipddr
2024-04-23 10:51:01,704 [INFO] IPUIPlugin:80 - create IPUIPlugin
2024-04-23 10:51:01,705 [INFO] PluginManager:220 - loadIPPluginJar : add linkedlist
2024-04-23 10:51:01,709 [INFO] IPUIPlugin:80 - create IPUIPlugin
2024-04-23 10:51:01,709 [INFO] PluginManager:220 - loadIPPluginJar : add lorawan
2024-04-23 10:51:01,713 [INFO] IPUIPlugin:80 - create IPUIPlugin
2024-04-23 10:51:01,713 [INFO] PluginManager:220 - loadIPPluginJar : add ltdc
2024-04-23 10:51:01,722 [INFO] IPUIPlugin:80 - create IPUIPlugin
2024-04-23 10:51:01,722 [INFO] PluginManager:220 - loadIPPluginJar : add mdma
2024-04-23 10:51:01,728 [INFO] IPUIPlugin:80 - create IPUIPlugin
2024-04-23 10:51:01,728 [INFO] PluginManager:220 - loadIPPluginJar : add nvic
2024-04-23 10:51:01,733 [INFO] IPUIPlugin:80 - create IPUIPlugin
2024-04-23 10:51:01,733 [INFO] PluginManager:220 - loadIPPluginJar : add opamp
2024-04-23 10:51:01,740 [INFO] IPUIPlugin:80 - create IPUIPlugin
2024-04-23 10:51:01,741 [INFO] PluginManager:220 - loadIPPluginJar : add openamp
2024-04-23 10:51:01,748 [INFO] IPUIPlugin:80 - create IPUIPlugin
2024-04-23 10:51:01,748 [INFO] PluginManager:220 - loadIPPluginJar : add pdm2pcm
2024-04-23 10:51:01,761 [INFO] IPUIPlugin:80 - create IPUIPlugin
2024-04-23 10:51:01,765 [INFO] PluginManager:220 - loadIPPluginJar : add plateformsettings
2024-04-23 10:51:01,769 [INFO] IPUIPlugin:80 - create IPUIPlugin
2024-04-23 10:51:01,769 [INFO] PluginManager:220 - loadIPPluginJar : add quadspi
2024-04-23 10:51:01,776 [INFO] IPUIPlugin:80 - create IPUIPlugin
2024-04-23 10:51:01,776 [INFO] PluginManager:220 - loadIPPluginJar : add resmgrutility
2024-04-23 10:51:01,781 [INFO] IPUIPlugin:80 - create IPUIPlugin
2024-04-23 10:51:01,781 [INFO] PluginManager:220 - loadIPPluginJar : add sai
2024-04-23 10:51:01,786 [INFO] IPUIPlugin:80 - create IPUIPlugin
2024-04-23 10:51:01,786 [INFO] PluginManager:220 - loadIPPluginJar : add spi
2024-04-23 10:51:01,794 [INFO] IPUIPlugin:80 - create IPUIPlugin
2024-04-23 10:51:01,794 [INFO] PluginManager:220 - loadIPPluginJar : add stm32_wpan
2024-04-23 10:51:01,797 [INFO] IPUIPlugin:80 - create IPUIPlugin
2024-04-23 10:51:01,797 [INFO] PluginManager:220 - loadIPPluginJar : add tim
2024-04-23 10:51:01,801 [INFO] IPUIPlugin:80 - create IPUIPlugin
2024-04-23 10:51:01,802 [INFO] PluginManager:220 - loadIPPluginJar : add touchsensing
2024-04-23 10:51:01,805 [INFO] IPUIPlugin:80 - create IPUIPlugin
2024-04-23 10:51:01,805 [INFO] PluginManager:220 - loadIPPluginJar : add tracer_emb
2024-04-23 10:51:01,809 [INFO] IPUIPlugin:80 - create IPUIPlugin
2024-04-23 10:51:01,809 [INFO] PluginManager:220 - loadIPPluginJar : add ts
2024-04-23 10:51:01,812 [INFO] IPUIPlugin:80 - create IPUIPlugin
2024-04-23 10:51:01,812 [INFO] PluginManager:220 - loadIPPluginJar : add tsc
2024-04-23 10:51:01,816 [INFO] IPUIPlugin:80 - create IPUIPlugin
2024-04-23 10:51:01,816 [INFO] PluginManager:220 - loadIPPluginJar : add ucpd
2024-04-23 10:51:01,820 [INFO] IPUIPlugin:80 - create IPUIPlugin
2024-04-23 10:51:01,820 [INFO] PluginManager:220 - loadIPPluginJar : add usart
2024-04-23 10:51:01,824 [INFO] IPUIPlugin:80 - create IPUIPlugin
2024-04-23 10:51:01,825 [INFO] PluginManager:220 - loadIPPluginJar : add usbx
2024-04-23 10:51:02,057 [INFO] CADModel:165 - CPN selected for project level
2024-04-23 10:51:02,058 [INFO] CADModel:114 - Register for checkConnection events
2024-04-23 10:51:02,058 [FATAL] Updater:308 - Updater called before beeing initialized
2024-04-23 10:51:02,059 [ERROR] CADModel:125 - Updater not yet initialized, retry later 
2024-04-23 10:51:02,414 [INFO] CADModel:165 - CPN selected for project level
2024-04-23 10:51:02,414 [INFO] CADModel:114 - Register for checkConnection events
2024-04-23 10:51:02,414 [FATAL] Updater:308 - Updater called before beeing initialized
2024-04-23 10:51:02,415 [ERROR] CADModel:125 - Updater not yet initialized, retry later 
2024-04-23 10:51:02,422 [FATAL] Updater:308 - Updater called before beeing initialized
2024-04-23 10:51:02,591 [FATAL] Updater:308 - Updater called before beeing initialized
2024-04-23 10:51:02,598 [INFO] DbMcusAds:53 - JSON generation date=Wed Nov 29 11:52:27 CET 2023 (1701255147349)
2024-04-23 10:51:02,598 [FATAL] Updater:308 - Updater called before beeing initialized
2024-04-23 10:51:02,643 [WARN] DetailPanel:346 - Failed to get advertising image, set to default
2024-04-23 10:51:02,778 [FATAL] Updater:308 - Updater called before beeing initialized
2024-04-23 10:51:02,780 [FATAL] Updater:308 - Updater called before beeing initialized
2024-04-23 10:51:02,780 [FATAL] Updater:308 - Updater called before beeing initialized
2024-04-23 10:51:02,780 [WARN] DetailPanel:346 - Failed to get advertising image, set to default
2024-04-23 10:51:02,781 [FATAL] Updater:308 - Updater called before beeing initialized
2024-04-23 10:51:02,864 [ERROR] Updater:1120 - MainUpdater not yet initialized. External WinMGr cannot be set.
2024-04-23 10:51:02,868 [INFO] Updater:1056 - Updater Version found : 6.11.0
2024-04-23 10:51:02,895 [INFO] ApplicationProperties:184 - Using Application install path: C:\ST\STM32CubeIDE_1.15.0\STM32CubeIDE\plugins\com.st.stm32cube.common.mx_6.11.0.202403141607
2024-04-23 10:51:03,959 [INFO] ThirdPartyUpdaterWithRetryManager:70 - Updater plugin not ready yet. [2/15]
2024-04-23 10:51:04,479 [ERROR] LogOutputStream:75 - [STDERR_REDIRECT] Apr 23, 2024 10:51:04 AM java.util.prefs.WindowsPreferences <init>
2024-04-23 10:51:04,483 [ERROR] LogOutputStream:75 - [STDERR_REDIRECT] WARNING: Could not open/create prefs root node Software\JavaSoft\Prefs at root 0xffffffff80000002. Windows RegCreateKeyEx(...) returned error code 5.
2024-04-23 10:51:04,484 [ERROR] LogOutputStream:75 - [STDERR_REDIRECT] 
2024-04-23 10:51:04,990 [INFO] MainUpdater:2873 - connection check result : 10
2024-04-23 10:51:04,992 [INFO] MainUpdater:290 - Updater Check For Update Now.
2024-04-23 10:51:04,992 [INFO] MicroXplorer:498 - Change Database Version : DB.6.0.110
2024-04-23 10:51:05,009 [INFO] McuFinderGlobals:63 - Set McuFinder mode to 2 (CubeIDE integrated)
2024-04-23 10:51:05,010 [INFO] UserAuth:179 - activating auth plugin
2024-04-23 10:51:05,018 [INFO] UserAuth:415 - Internet connection configuration mode: 1
2024-04-23 10:51:05,071 [INFO] JxBrowserEngine:152 - Initiate JxBrowser Engine with user profile folder
2024-04-23 10:51:05,273 [INFO] CheckServerUpdateThread:120 - End of CheckServer Thread
2024-04-23 10:51:07,035 [INFO] WebApp:161 - Instantiating new browser for Auth
2024-04-23 10:51:07,381 [WARN] PackLoader:240 - Cannot read IP mode file for STMicroelectronics.FP-SNS-MOTENVWB1.1.4.0
2024-04-23 10:51:07,405 [WARN] PackLoader:240 - Cannot read IP mode file for STMicroelectronics.X-CUBE-SMBUS.2.1.0
2024-04-23 10:51:07,417 [WARN] PackLoader:240 - Cannot read IP mode file for STMicroelectronics.X-CUBE-TOUCHGFX.4.23.1
2024-04-23 10:51:07,424 [WARN] PackLoader:240 - Cannot read IP mode file for STMicroelectronics.X-CUBE-TOUCHGFX.4.23.2
2024-04-23 10:51:07,486 [WARN] PackLoader:240 - Cannot read IP mode file for STMicroelectronics.X-CUBE-AZRTOS-F7.1.1.0
2024-04-23 10:51:07,505 [WARN] PackLoader:240 - Cannot read IP mode file for STMicroelectronics.FP-SNS-FLIGHT1.5.0.2
2024-04-23 10:51:07,524 [WARN] PackLoader:240 - Cannot read IP mode file for STMicroelectronics.X-CUBE-DISPLAY.3.0.0
2024-04-23 10:51:07,550 [WARN] PackLoader:240 - Cannot read IP mode file for STMicroelectronics.X-CUBE-BLE1.7.0.0
2024-04-23 10:51:07,562 [WARN] PackLoader:240 - Cannot read IP mode file for emotas.I-CUBE-CANOPEN.1.3.0
2024-04-23 10:51:07,583 [WARN] PackLoader:240 - Cannot read IP mode file for STMicroelectronics.X-CUBE-BLEMGR.3.1.0
2024-04-23 10:51:07,598 [WARN] PackLoader:240 - Cannot read IP mode file for STMicroelectronics.FP-SNS-SMARTAG2.1.2.0
2024-04-23 10:51:07,618 [INFO] LogOutputStream:77 - [STDOUT_REDIRECT] 1 : Invalid condition id : UX_CORESTACK_Condition cause : null
2024-04-23 10:51:07,620 [INFO] LogOutputStream:77 - [STDOUT_REDIRECT] 1 : Invalid condition id : UX_CORESTACK_Condition cause : null
2024-04-23 10:51:07,622 [INFO] LogOutputStream:77 - [STDOUT_REDIRECT] 1 : Invalid condition id : UX_CORESTACK_Condition cause : null
2024-04-23 10:51:07,624 [INFO] LogOutputStream:77 - [STDOUT_REDIRECT] 1 : Invalid condition id : UX_CORESTACK_Condition cause : null
2024-04-23 10:51:07,626 [INFO] LogOutputStream:77 - [STDOUT_REDIRECT] 1 : Invalid condition id : UX_CORESTACK_Condition cause : null
2024-04-23 10:51:07,633 [WARN] PackLoader:240 - Cannot read IP mode file for STMicroelectronics.X-CUBE-AZRTOS-WL.2.0.0
2024-04-23 10:51:07,647 [WARN] PackLoader:240 - Cannot read IP mode file for STMicroelectronics.FP-SNS-MOTENV1.5.0.0
2024-04-23 10:51:07,664 [WARN] PackLoader:240 - Cannot read IP mode file for WES.I-CUBE-Cesium.1.3.0
2024-04-23 10:51:07,675 [WARN] PackLoader:240 - Cannot read IP mode file for STMicroelectronics.X-CUBE-BLE2.3.3.0
2024-04-23 10:51:07,687 [WARN] PackLoader:240 - Cannot read IP mode file for STMicroelectronics.X-CUBE-TCPP.4.1.0
2024-04-23 10:51:07,700 [WARN] PackLoader:240 - Cannot read IP mode file for STMicroelectronics.X-CUBE-ALGOBUILD.1.3.0
2024-04-23 10:51:07,745 [WARN] PackLoader:240 - Cannot read IP mode file for STMicroelectronics.X-CUBE-AZRTOS-G0.1.1.0
2024-04-23 10:51:07,768 [WARN] PackLoader:240 - Cannot read IP mode file for STMicroelectronics.X-CUBE-SAFEA1.1.2.2
2024-04-23 10:51:07,782 [WARN] PackLoader:240 - Cannot read IP mode file for STMicroelectronics.X-CUBE-NFC4.3.0.0
2024-04-23 10:51:07,793 [WARN] PackLoader:240 - Cannot read IP mode file for wolfSSL.I-CUBE-wolfSSL.5.7.0
2024-04-23 10:51:07,801 [WARN] PackLoader:240 - Cannot read IP mode file for STMicroelectronics.FP-ATR-SIGFOX1.3.2.0
2024-04-23 10:51:07,819 [WARN] PackLoader:240 - Cannot read IP mode file for STMicroelectronics.X-CUBE-EEPRMA1.5.1.0
2024-04-23 10:51:07,866 [WARN] PackLoader:240 - Cannot read IP mode file for ITTIA_DB.I-CUBE-ITTIADB.8.9.0
2024-04-23 10:51:07,973 [WARN] PackLoader:240 - Cannot read IP mode file for SEGGER.I-CUBE-embOS.1.3.1
2024-04-23 10:51:08,082 [WARN] PackLoader:240 - Cannot read IP mode file for STMicroelectronics.X-CUBE-GNSS1.6.0.0
2024-04-23 10:51:08,115 [WARN] PackLoader:240 - Cannot read IP mode file for STMicroelectronics.X-CUBE-AZRTOS-F4.1.1.0
2024-04-23 10:51:08,148 [WARN] PackLoader:240 - Cannot read IP mode file for STMicroelectronics.X-CUBE-AZRTOS-L5.2.0.0
2024-04-23 10:51:08,165 [WARN] PackLoader:240 - Cannot read IP mode file for STMicroelectronics.X-CUBE-NFC6.3.1.0
2024-04-23 10:51:08,177 [WARN] PackLoader:240 - Cannot read IP mode file for STMicroelectronics.X-CUBE-AI.9.0.0
2024-04-23 10:51:08,186 [WARN] PackLoader:240 - Cannot read IP mode file for STMicroelectronics.X-CUBE-NFC7.1.0.1
2024-04-23 10:51:08,193 [WARN] PackLoader:240 - Cannot read IP mode file for STMicroelectronics.X-CUBE-AI.8.1.0
2024-04-23 10:51:08,218 [WARN] ConditionMgr:438 - getConditionDescription Invalid condition id : LAN8742 Phy interface Condition cause : null
2024-04-23 10:51:08,219 [WARN] PackLoader:240 - Cannot read IP mode file for STMicroelectronics.X-CUBE-AZRTOS-L4.2.0.0
2024-04-23 10:51:08,222 [WARN] ConditionMgr:1039 - genDependencies : Invalid condition id : LAN8742 Phy interface Condition cause : null
2024-04-23 10:51:08,223 [WARN] ConditionMgr:1039 - genDependencies : Invalid condition id : LAN8742 Phy interface Condition cause : null
2024-04-23 10:51:08,223 [WARN] ConditionMgr:1039 - genDependencies : Invalid condition id : LAN8742 Phy interface Condition cause : null
2024-04-23 10:51:08,236 [WARN] PackLoader:240 - Cannot read IP mode file for STMicroelectronics.X-CUBE-SFXS2LP1.4.0.0
2024-04-23 10:51:08,265 [WARN] ConditionMgr:438 - getConditionDescription Invalid condition id : UX DEVICE CLASS RTOS Condition cause : null
2024-04-23 10:51:08,265 [WARN] ConditionMgr:438 - getConditionDescription Invalid condition id : UX DEVICE CLASS RTOS Condition cause : null
2024-04-23 10:51:08,268 [WARN] PackLoader:240 - Cannot read IP mode file for STMicroelectronics.X-CUBE-AZRTOS-WB.2.0.0
2024-04-23 10:51:08,269 [WARN] ConditionMgr:1039 - genDependencies : Invalid condition id : UX DEVICE CLASS RTOS Condition cause : null
2024-04-23 10:51:08,270 [WARN] ConditionMgr:1039 - genDependencies : Invalid condition id : UX DEVICE CLASS RTOS Condition cause : null
2024-04-23 10:51:08,270 [WARN] ConditionMgr:1039 - genDependencies : Invalid condition id : UX DEVICE CLASS RTOS Condition cause : null
2024-04-23 10:51:08,271 [WARN] ConditionMgr:1039 - genDependencies : Invalid condition id : UX DEVICE CLASS RTOS Condition cause : null
2024-04-23 10:51:08,271 [WARN] ConditionMgr:1039 - genDependencies : Invalid condition id : UX DEVICE CLASS RTOS Condition cause : null
2024-04-23 10:51:08,294 [WARN] PackLoader:240 - Cannot read IP mode file for STMicroelectronics.X-CUBE-SUBG2.5.0.0
2024-04-23 10:51:08,328 [WARN] PackLoader:240 - Cannot read IP mode file for STMicroelectronics.X-CUBE-AZRTOS-G4.2.0.0
2024-04-23 10:51:08,339 [WARN] PackLoader:240 - Cannot read IP mode file for STMicroelectronics.FP-SNS-MOTENVWB1.1.3.1
2024-04-23 10:51:08,349 [WARN] PackLoader:240 - Cannot read IP mode file for STMicroelectronics.X-CUBE-ISPU.2.0.0
2024-04-23 10:51:08,396 [INFO] WebApp:779 - Register for checkConnection events
2024-04-23 10:51:08,397 [INFO] WebApp:414 - Apply proxy settings
2024-04-23 10:51:08,397 [INFO] WebApp:499 - Chromium requires no authentication
2024-04-23 10:51:08,409 [WARN] PackLoader:240 - Cannot read IP mode file for STMicroelectronics.X-CUBE-MEMS1.10.0.0
2024-04-23 10:51:08,414 [INFO] WebApp:442 - Direct internet connection detected
2024-04-23 10:51:08,597 [WARN] PackLoader:240 - Cannot read IP mode file for STMicroelectronics.X-CUBE-FREERTOS.1.1.0
2024-04-23 10:51:08,607 [WARN] PackLoader:240 - Cannot read IP mode file for portGmbH.I-Cube-SoM-uGOAL.1.1.0
2024-04-23 10:51:08,616 [WARN] PackLoader:240 - Cannot read IP mode file for STMicroelectronics.X-CUBE-ALS.1.0.1
2024-04-23 10:51:08,650 [WARN] PackLoader:240 - Cannot read IP mode file for STMicroelectronics.X-CUBE-AZRTOS-H7RS.1.0.0
2024-04-23 10:51:08,662 [WARN] PackLoader:240 - Cannot read IP mode file for STMicroelectronics.FP-ATR-ASTRA1.2.0.0
2024-04-23 10:51:08,680 [WARN] PackLoader:240 - Cannot read IP mode file for STMicroelectronics.X-CUBE-TOF1.3.4.1
2024-04-23 10:51:08,723 [WARN] PackLoader:240 - Cannot read IP mode file for STMicroelectronics.X-CUBE-AZRTOS-H7.3.2.0
2024-04-23 10:51:08,745 [WARN] PackLoader:240 - Cannot read IP mode file for Infineon.AIROC-Wi-Fi-Bluetooth-STM32.1.6.0
2024-04-23 10:51:08,750 [INFO] ThirdParty:978 - Integrity check success = true
2024-04-23 10:51:08,750 [INFO] IntegrityCheckThread:100 - exiting critical section [integrity check]
2024-04-23 10:51:08,750 [INFO] IntegrityCheckThread:103 - End integrity checks thread
2024-04-23 10:51:08,810 [INFO] WebApp:192 - Starting web application
2024-04-23 10:51:08,811 [INFO] WebApp:544 - Web application path used C:\ST\STM32CubeIDE_1.15.0\STM32CubeIDE\plugins\com.st.stm32cube.common.mx_6.11.0.202403141607\db\plugins\mcufinder\reactClient1\index.html
2024-04-23 12:09:04,845 [ERROR] LogOutputStream:75 - [STDERR_REDIRECT] 
2024-04-23 12:09:04,846 [ERROR] LogOutputStream:75 - [STDERR_REDIRECT] 
