2024-04-09 08:39:17,495 [INFO] Activator:176 - 


2024-04-09 08:39:17,507 [INFO] Activator:177 - !SESSION log4j initialized
2024-04-09 08:39:24,118 [INFO] LogOutputStream:77 - [STDOUT_REDIRECT] 
2024-04-09 08:39:28,771 [INFO] ApplicationProperties:184 - Using Application install path: C:\ST\STM32CubeIDE_1.15.0\STM32CubeIDE\plugins\com.st.stm32cube.common.mx_6.11.0.202403141607
2024-04-09 08:39:28,830 [INFO] DbMcusXml:78 - Set database path to: C:\ST\STM32CubeIDE_1.15.0\STM32CubeIDE\plugins\com.st.stm32cube.common.mx_6.11.0.202403141607\\db\/mcu/
2024-04-09 08:39:28,830 [INFO] ApiDb:274 - Set plugin database path to: C:\ST\STM32CubeIDE_1.15.0\STM32CubeIDE\plugins\com.st.stm32cube.common.mx_6.11.0.202403141607\\db\/plugins/boardmanager/
2024-04-09 08:39:28,830 [WARN] ApiDb:259 - Overriding images path with different value:  => C:\ST\STM32CubeIDE_1.15.0\STM32CubeIDE\plugins\com.st.stm32cube.common.mx_6.11.0.202403141607\\db\/plugins/mcufinder/images/
2024-04-09 08:39:28,854 [INFO] ApiDb:250 - Set database path to: C:\Users\fabia\.stmcufinder\plugins\mcufinder//mcu/
2024-04-09 08:39:28,858 [INFO] DbMcusAds:125 - Set database path to: C:\Users\fabia\.stmcufinder\plugins\mcufinder//mcu/
2024-04-09 08:39:28,862 [INFO] CrossReferenceDbSqlite:203 - Set database path to: C:\Users\fabia\.stmcufinder\plugins\mcufinder//mcu/cs/
2024-04-09 08:39:29,114 [INFO] RulesReader:64 - Compatibility file has been processed (297 Rules)
2024-04-09 08:39:29,270 [INFO] DbMcusXml:78 - Set database path to: C:\ST\STM32CubeIDE_1.15.0\STM32CubeIDE\plugins\com.st.stm32cube.common.mx_6.11.0.202403141607\\db\/mcu/
2024-04-09 08:39:29,270 [INFO] ApiDb:274 - Set plugin database path to: C:\ST\STM32CubeIDE_1.15.0\STM32CubeIDE\plugins\com.st.stm32cube.common.mx_6.11.0.202403141607\\db\/plugins/boardmanager/
2024-04-09 08:39:29,270 [INFO] ApiDb:261 - Set plugin images path to: C:\ST\STM32CubeIDE_1.15.0\STM32CubeIDE\plugins\com.st.stm32cube.common.mx_6.11.0.202403141607\\db\/plugins/mcufinder/images/
2024-04-09 08:39:29,270 [WARN] DbFile:41 - Overriding database path with different value: C:\Users\fabia\.stmcufinder\plugins\mcufinder/ => C:\Users\fabia\.stmcufinder\plugins\mcufinder
2024-04-09 08:39:29,274 [INFO] ApiDb:250 - Set database path to: C:\Users\fabia\.stmcufinder\plugins\mcufinder//mcu/
2024-04-09 08:39:29,274 [WARN] DbFile:41 - Overriding database path with different value: C:\Users\fabia\.stmcufinder\plugins\mcufinder/ => C:\Users\fabia\.stmcufinder\plugins\mcufinder
2024-04-09 08:39:29,274 [INFO] DbMcusAds:125 - Set database path to: C:\Users\fabia\.stmcufinder\plugins\mcufinder//mcu/
2024-04-09 08:39:29,274 [WARN] DbFile:41 - Overriding database path with different value: C:\Users\fabia\.stmcufinder\plugins\mcufinder/ => C:\Users\fabia\.stmcufinder\plugins\mcufinder
2024-04-09 08:39:29,274 [WARN] DbFile:41 - Overriding database path with different value: C:\Users\fabia\.stmcufinder\plugins\mcufinder/ => C:\Users\fabia\.stmcufinder\plugins\mcufinder
2024-04-09 08:39:29,274 [INFO] CrossReferenceDbSqlite:203 - Set database path to: C:\Users\fabia\.stmcufinder\plugins\mcufinder//mcu/cs/
2024-04-09 08:39:29,443 [INFO] MainPanel:264 - HeapMemory: 268435456
2024-04-09 08:39:29,648 [INFO] DbMcusXml:78 - Set database path to: C:\ST\STM32CubeIDE_1.15.0\STM32CubeIDE\plugins\com.st.stm32cube.common.mx_6.11.0.202403141607\\db\/mcu/
2024-04-09 08:39:29,648 [INFO] ApiDb:274 - Set plugin database path to: C:\ST\STM32CubeIDE_1.15.0\STM32CubeIDE\plugins\com.st.stm32cube.common.mx_6.11.0.202403141607\\db\/plugins/boardmanager/
2024-04-09 08:39:29,648 [INFO] ApiDb:261 - Set plugin images path to: C:\ST\STM32CubeIDE_1.15.0\STM32CubeIDE\plugins\com.st.stm32cube.common.mx_6.11.0.202403141607\\db\/plugins/mcufinder/images/
2024-04-09 08:39:29,648 [WARN] DbFile:41 - Overriding database path with different value: C:\Users\fabia\.stmcufinder\plugins\mcufinder/ => C:\Users\fabia\.stmcufinder\plugins\mcufinder
2024-04-09 08:39:29,648 [INFO] ApiDb:250 - Set database path to: C:\Users\fabia\.stmcufinder\plugins\mcufinder//mcu/
2024-04-09 08:39:29,648 [WARN] DbFile:41 - Overriding database path with different value: C:\Users\fabia\.stmcufinder\plugins\mcufinder/ => C:\Users\fabia\.stmcufinder\plugins\mcufinder
2024-04-09 08:39:29,648 [INFO] DbMcusAds:125 - Set database path to: C:\Users\fabia\.stmcufinder\plugins\mcufinder//mcu/
2024-04-09 08:39:29,648 [WARN] DbFile:41 - Overriding database path with different value: C:\Users\fabia\.stmcufinder\plugins\mcufinder/ => C:\Users\fabia\.stmcufinder\plugins\mcufinder
2024-04-09 08:39:29,648 [WARN] DbFile:41 - Overriding database path with different value: C:\Users\fabia\.stmcufinder\plugins\mcufinder/ => C:\Users\fabia\.stmcufinder\plugins\mcufinder
2024-04-09 08:39:29,648 [INFO] CrossReferenceDbSqlite:203 - Set database path to: C:\Users\fabia\.stmcufinder\plugins\mcufinder//mcu/cs/
2024-04-09 08:39:29,688 [INFO] ApplicationProperties:184 - Using Application install path: C:\ST\STM32CubeIDE_1.15.0\STM32CubeIDE\plugins\com.st.stm32cube.common.mx_6.11.0.202403141607
2024-04-09 08:39:29,692 [INFO] PluginManage:196 - Search for loadable plugins [exclusion list=, ]
2024-04-09 08:39:29,697 [INFO] PluginManage:310 - Check plugin analytics
2024-04-09 08:39:30,058 [INFO] AnalyticsPlugin:253 - Accepted Software Licenses: 
2024-04-09 08:39:30,058 [INFO] AnalyticsPlugin:255 - Accepted CMSIS Pack Licenses: 
2024-04-09 08:39:30,058 [INFO] AnalyticsPlugin:257 - Accepted Firmware Licenses: 
2024-04-09 08:39:30,066 [INFO] PluginManage:359 - Loaded plugin analytics (category:tool,tabindex:-1)
2024-04-09 08:39:30,066 [INFO] PluginManage:310 - Check plugin cadmodel
2024-04-09 08:39:30,074 [INFO] CADModel:105 - Init CAD model plugin
2024-04-09 08:39:30,074 [INFO] PluginManage:359 - Loaded plugin cadmodel (category:power,tabindex:5)
2024-04-09 08:39:30,074 [INFO] PluginManage:310 - Check plugin clock
2024-04-09 08:39:30,098 [INFO] PluginManage:359 - Loaded plugin clock (category:base,tabindex:2)
2024-04-09 08:39:30,098 [INFO] PluginManage:310 - Check plugin ddr
2024-04-09 08:39:30,102 [INFO] PluginManage:359 - Loaded plugin ddr (category:tool,tabindex:6)
2024-04-09 08:39:30,102 [INFO] PluginManage:310 - Check plugin filemanager
2024-04-09 08:39:30,351 [INFO] PluginManage:359 - Loaded plugin filemanager (category:base,tabindex:10)
2024-04-09 08:39:30,351 [INFO] PluginManage:310 - Check plugin ipmanager
2024-04-09 08:39:30,363 [INFO] PluginManage:359 - Loaded plugin ipmanager (category:base,tabindex:5)
2024-04-09 08:39:30,363 [INFO] PluginManage:310 - Check plugin lpbam
2024-04-09 08:39:30,379 [INFO] PluginManage:359 - Loaded plugin lpbam (category:base,tabindex:0)
2024-04-09 08:39:30,379 [INFO] PluginManage:310 - Check plugin memorymap
2024-04-09 08:39:30,407 [INFO] PluginManage:359 - Loaded plugin memorymap (category:base,tabindex:4)
2024-04-09 08:39:30,407 [INFO] PluginManage:310 - Check plugin pinoutandconfiguration
2024-04-09 08:39:30,423 [INFO] PluginManage:359 - Loaded plugin pinoutandconfiguration (category:base,tabindex:1)
2024-04-09 08:39:30,423 [INFO] PluginManage:310 - Check plugin pinoutconfig
2024-04-09 08:39:30,595 [WARN] SupportedApi:132 - Cannot load RTOS API schema: s4s-elt-must-match.1: The content of 'definitions' must match (annotation?, (simpleType | complexType)?, (unique | key | keyref)*)). A problem was found starting at: attribute.
2024-04-09 08:39:30,881 [INFO] PluginManage:359 - Loaded plugin pinoutconfig (category:base,tabindex:0)
2024-04-09 08:39:30,881 [INFO] PluginManage:310 - Check plugin power
2024-04-09 08:39:30,904 [INFO] PluginManage:359 - Loaded plugin power (category:power,tabindex:4)
2024-04-09 08:39:30,904 [INFO] PluginManage:310 - Check plugin projectmanager
2024-04-09 08:39:30,937 [INFO] PluginManage:359 - Loaded plugin projectmanager (category:projectmanager,tabindex:3)
2024-04-09 08:39:30,937 [INFO] PluginManage:310 - Check plugin thirdparty
2024-04-09 08:39:31,186 [INFO] PluginManage:359 - Loaded plugin thirdparty (category:base,tabindex:-1)
2024-04-09 08:39:31,186 [WARN] IntegrityCheckThread:84 - waiting for thirdparty lock release [integrity check]
2024-04-09 08:39:31,186 [INFO] PluginManage:310 - Check plugin tools
2024-04-09 08:39:31,187 [INFO] IntegrityCheckThread:86 - entering critical section [integrity check]
2024-04-09 08:39:31,188 [INFO] ThirdPartyUpdaterWithRetryManager:70 - Updater plugin not ready yet. [1/15]
2024-04-09 08:39:31,192 [INFO] PluginManage:359 - Loaded plugin tools (category:base,tabindex:7)
2024-04-09 08:39:31,192 [INFO] PluginManage:310 - Check plugin tutovideos
2024-04-09 08:39:31,553 [INFO] PluginManage:359 - Loaded plugin tutovideos (category:base,tabindex:-1)
2024-04-09 08:39:31,554 [INFO] PluginManage:310 - Check plugin updater
2024-04-09 08:39:31,576 [INFO] PluginManage:359 - Loaded plugin updater (category:base,tabindex:12)
2024-04-09 08:39:31,577 [INFO] PluginManage:310 - Check plugin userauth
2024-04-09 08:39:31,587 [INFO] UserAuth:114 - Init User Auth plugin
2024-04-09 08:39:31,587 [INFO] PluginManage:359 - Loaded plugin userauth (category:base,tabindex:14)
2024-04-09 08:39:31,589 [INFO] PluginManage:283 - PluginManage : Loaded plugins [17]
2024-04-09 08:39:31,980 [INFO] PinOutPanel:1561 - setPackage(No Configuration,No Configuration)
2024-04-09 08:39:32,129 [INFO] CADModel:165 - CPN selected for project level
2024-04-09 08:39:32,129 [INFO] CADModel:114 - Register for checkConnection events
2024-04-09 08:39:32,165 [INFO] IPUIPlugin:80 - create IPUIPlugin
2024-04-09 08:39:32,165 [INFO] PluginManager:220 - loadIPPluginJar : add adc
2024-04-09 08:39:32,173 [INFO] IPUIPlugin:80 - create IPUIPlugin
2024-04-09 08:39:32,173 [INFO] PluginManager:220 - loadIPPluginJar : add aes
2024-04-09 08:39:32,177 [INFO] IPUIPlugin:80 - create IPUIPlugin
2024-04-09 08:39:32,177 [INFO] PluginManager:220 - loadIPPluginJar : add can
2024-04-09 08:39:32,181 [INFO] IPUIPlugin:80 - create IPUIPlugin
2024-04-09 08:39:32,181 [INFO] PluginManager:220 - loadIPPluginJar : add comp
2024-04-09 08:39:32,189 [INFO] IPUIPlugin:80 - create IPUIPlugin
2024-04-09 08:39:32,189 [INFO] PluginManager:220 - loadIPPluginJar : add cryp
2024-04-09 08:39:32,197 [INFO] IPUIPlugin:80 - create IPUIPlugin
2024-04-09 08:39:32,197 [INFO] PluginManager:220 - loadIPPluginJar : add dfsdm
2024-04-09 08:39:32,209 [INFO] IPUIPlugin:80 - create IPUIPlugin
2024-04-09 08:39:32,213 [INFO] PluginManager:220 - loadIPPluginJar : add dma
2024-04-09 08:39:32,217 [INFO] IPUIPlugin:80 - create IPUIPlugin
2024-04-09 08:39:32,217 [INFO] PluginManager:220 - loadIPPluginJar : add dma3
2024-04-09 08:39:32,225 [INFO] IPUIPlugin:80 - create IPUIPlugin
2024-04-09 08:39:32,225 [INFO] PluginManager:220 - loadIPPluginJar : add extmemmanager
2024-04-09 08:39:32,229 [INFO] IPUIPlugin:80 - create IPUIPlugin
2024-04-09 08:39:32,229 [INFO] PluginManager:220 - loadIPPluginJar : add fatfs
2024-04-09 08:39:32,241 [INFO] IPUIPlugin:80 - create IPUIPlugin
2024-04-09 08:39:32,241 [INFO] PluginManager:220 - loadIPPluginJar : add fmc
2024-04-09 08:39:32,253 [INFO] IPUIPlugin:80 - create IPUIPlugin
2024-04-09 08:39:32,253 [INFO] PluginManager:220 - loadIPPluginJar : add freertos
2024-04-09 08:39:32,257 [INFO] IPUIPlugin:80 - create IPUIPlugin
2024-04-09 08:39:32,257 [INFO] PluginManager:220 - loadIPPluginJar : add genericplugin
2024-04-09 08:39:32,261 [INFO] IPUIPlugin:80 - create IPUIPlugin
2024-04-09 08:39:32,261 [INFO] PluginManager:220 - loadIPPluginJar : add gfxmmu
2024-04-09 08:39:32,273 [INFO] IPUIPlugin:80 - create IPUIPlugin
2024-04-09 08:39:32,273 [INFO] PluginManager:220 - loadIPPluginJar : add gic
2024-04-09 08:39:32,281 [INFO] IPUIPlugin:80 - create IPUIPlugin
2024-04-09 08:39:32,281 [INFO] PluginManager:220 - loadIPPluginJar : add gpio
2024-04-09 08:39:32,290 [INFO] IPUIPlugin:80 - create IPUIPlugin
2024-04-09 08:39:32,290 [INFO] PluginManager:220 - loadIPPluginJar : add gtzc
2024-04-09 08:39:32,294 [INFO] IPUIPlugin:80 - create IPUIPlugin
2024-04-09 08:39:32,294 [INFO] PluginManager:220 - loadIPPluginJar : add hash
2024-04-09 08:39:32,302 [INFO] IPUIPlugin:80 - create IPUIPlugin
2024-04-09 08:39:32,302 [INFO] PluginManager:220 - loadIPPluginJar : add i2c
2024-04-09 08:39:32,309 [INFO] IPUIPlugin:80 - create IPUIPlugin
2024-04-09 08:39:32,310 [INFO] PluginManager:220 - loadIPPluginJar : add i2s
2024-04-09 08:39:32,319 [INFO] IPUIPlugin:80 - create IPUIPlugin
2024-04-09 08:39:32,319 [INFO] PluginManager:220 - loadIPPluginJar : add i3c
2024-04-09 08:39:32,328 [INFO] IPUIPlugin:80 - create IPUIPlugin
2024-04-09 08:39:32,329 [INFO] PluginManager:220 - loadIPPluginJar : add ipddr
2024-04-09 08:39:32,344 [INFO] IPUIPlugin:80 - create IPUIPlugin
2024-04-09 08:39:32,344 [INFO] PluginManager:220 - loadIPPluginJar : add linkedlist
2024-04-09 08:39:32,351 [INFO] IPUIPlugin:80 - create IPUIPlugin
2024-04-09 08:39:32,351 [INFO] PluginManager:220 - loadIPPluginJar : add lorawan
2024-04-09 08:39:32,356 [INFO] IPUIPlugin:80 - create IPUIPlugin
2024-04-09 08:39:32,356 [INFO] PluginManager:220 - loadIPPluginJar : add ltdc
2024-04-09 08:39:32,369 [INFO] IPUIPlugin:80 - create IPUIPlugin
2024-04-09 08:39:32,369 [INFO] PluginManager:220 - loadIPPluginJar : add mdma
2024-04-09 08:39:32,377 [INFO] IPUIPlugin:80 - create IPUIPlugin
2024-04-09 08:39:32,377 [INFO] PluginManager:220 - loadIPPluginJar : add nvic
2024-04-09 08:39:32,383 [INFO] IPUIPlugin:80 - create IPUIPlugin
2024-04-09 08:39:32,384 [INFO] PluginManager:220 - loadIPPluginJar : add opamp
2024-04-09 08:39:32,390 [INFO] IPUIPlugin:80 - create IPUIPlugin
2024-04-09 08:39:32,391 [INFO] PluginManager:220 - loadIPPluginJar : add openamp
2024-04-09 08:39:32,398 [INFO] IPUIPlugin:80 - create IPUIPlugin
2024-04-09 08:39:32,398 [INFO] PluginManager:220 - loadIPPluginJar : add pdm2pcm
2024-04-09 08:39:32,406 [INFO] IPUIPlugin:80 - create IPUIPlugin
2024-04-09 08:39:32,410 [INFO] PluginManager:220 - loadIPPluginJar : add plateformsettings
2024-04-09 08:39:32,414 [INFO] IPUIPlugin:80 - create IPUIPlugin
2024-04-09 08:39:32,414 [INFO] PluginManager:220 - loadIPPluginJar : add quadspi
2024-04-09 08:39:32,426 [INFO] IPUIPlugin:80 - create IPUIPlugin
2024-04-09 08:39:32,426 [INFO] PluginManager:220 - loadIPPluginJar : add resmgrutility
2024-04-09 08:39:32,430 [INFO] IPUIPlugin:80 - create IPUIPlugin
2024-04-09 08:39:32,430 [INFO] PluginManager:220 - loadIPPluginJar : add sai
2024-04-09 08:39:32,438 [INFO] IPUIPlugin:80 - create IPUIPlugin
2024-04-09 08:39:32,438 [INFO] PluginManager:220 - loadIPPluginJar : add spi
2024-04-09 08:39:32,446 [INFO] IPUIPlugin:80 - create IPUIPlugin
2024-04-09 08:39:32,446 [INFO] PluginManager:220 - loadIPPluginJar : add stm32_wpan
2024-04-09 08:39:32,450 [INFO] IPUIPlugin:80 - create IPUIPlugin
2024-04-09 08:39:32,450 [INFO] PluginManager:220 - loadIPPluginJar : add tim
2024-04-09 08:39:32,458 [INFO] IPUIPlugin:80 - create IPUIPlugin
2024-04-09 08:39:32,458 [INFO] PluginManager:220 - loadIPPluginJar : add touchsensing
2024-04-09 08:39:32,465 [INFO] IPUIPlugin:80 - create IPUIPlugin
2024-04-09 08:39:32,465 [INFO] PluginManager:220 - loadIPPluginJar : add tracer_emb
2024-04-09 08:39:32,469 [INFO] IPUIPlugin:80 - create IPUIPlugin
2024-04-09 08:39:32,470 [INFO] PluginManager:220 - loadIPPluginJar : add ts
2024-04-09 08:39:32,474 [INFO] IPUIPlugin:80 - create IPUIPlugin
2024-04-09 08:39:32,474 [INFO] PluginManager:220 - loadIPPluginJar : add tsc
2024-04-09 08:39:32,479 [INFO] IPUIPlugin:80 - create IPUIPlugin
2024-04-09 08:39:32,479 [INFO] PluginManager:220 - loadIPPluginJar : add ucpd
2024-04-09 08:39:32,484 [INFO] IPUIPlugin:80 - create IPUIPlugin
2024-04-09 08:39:32,485 [INFO] PluginManager:220 - loadIPPluginJar : add usart
2024-04-09 08:39:32,491 [INFO] IPUIPlugin:80 - create IPUIPlugin
2024-04-09 08:39:32,491 [INFO] PluginManager:220 - loadIPPluginJar : add usbx
2024-04-09 08:39:32,669 [INFO] CADModel:165 - CPN selected for project level
2024-04-09 08:39:32,669 [INFO] CADModel:114 - Register for checkConnection events
2024-04-09 08:39:32,669 [FATAL] Updater:308 - Updater called before beeing initialized
2024-04-09 08:39:32,669 [ERROR] CADModel:125 - Updater not yet initialized, retry later 
2024-04-09 08:39:32,969 [INFO] CADModel:165 - CPN selected for project level
2024-04-09 08:39:32,969 [INFO] CADModel:114 - Register for checkConnection events
2024-04-09 08:39:32,969 [FATAL] Updater:308 - Updater called before beeing initialized
2024-04-09 08:39:32,969 [ERROR] CADModel:125 - Updater not yet initialized, retry later 
2024-04-09 08:39:32,973 [FATAL] Updater:308 - Updater called before beeing initialized
2024-04-09 08:39:33,174 [FATAL] Updater:308 - Updater called before beeing initialized
2024-04-09 08:39:33,182 [INFO] DbMcusAds:53 - JSON generation date=Wed Nov 29 11:52:27 CET 2023 (1701255147349)
2024-04-09 08:39:33,182 [FATAL] Updater:308 - Updater called before beeing initialized
2024-04-09 08:39:33,267 [WARN] DetailPanel:346 - Failed to get advertising image, set to default
2024-04-09 08:39:33,447 [FATAL] Updater:308 - Updater called before beeing initialized
2024-04-09 08:39:33,451 [FATAL] Updater:308 - Updater called before beeing initialized
2024-04-09 08:39:33,451 [FATAL] Updater:308 - Updater called before beeing initialized
2024-04-09 08:39:33,451 [WARN] DetailPanel:346 - Failed to get advertising image, set to default
2024-04-09 08:39:33,455 [FATAL] Updater:308 - Updater called before beeing initialized
2024-04-09 08:39:33,579 [ERROR] Updater:1120 - MainUpdater not yet initialized. External WinMGr cannot be set.
2024-04-09 08:39:33,583 [INFO] Updater:1056 - Updater Version found : 6.11.0
2024-04-09 08:39:33,627 [INFO] ApplicationProperties:184 - Using Application install path: C:\ST\STM32CubeIDE_1.15.0\STM32CubeIDE\plugins\com.st.stm32cube.common.mx_6.11.0.202403141607
2024-04-09 08:39:34,201 [INFO] ThirdPartyUpdaterWithRetryManager:70 - Updater plugin not ready yet. [2/15]
2024-04-09 08:39:35,242 [ERROR] LogOutputStream:75 - [STDERR_REDIRECT] Apr 09, 2024 8:39:35 AM java.util.prefs.WindowsPreferences <init>
2024-04-09 08:39:35,246 [ERROR] LogOutputStream:75 - [STDERR_REDIRECT] WARNING: Could not open/create prefs root node Software\JavaSoft\Prefs at root 0xffffffff80000002. Windows RegCreateKeyEx(...) returned error code 5.
2024-04-09 08:39:35,246 [ERROR] LogOutputStream:75 - [STDERR_REDIRECT] 
2024-04-09 08:39:35,832 [INFO] MainUpdater:2873 - connection check result : 10
2024-04-09 08:39:35,836 [INFO] MainUpdater:3567 - Updater definition file requires update
2024-04-09 08:39:35,836 [INFO] MainUpdater:290 - Updater Check For Update Now.
2024-04-09 08:39:35,836 [INFO] MicroXplorer:498 - Change Database Version : DB.6.0.110
2024-04-09 08:39:35,851 [INFO] McuFinderGlobals:63 - Set McuFinder mode to 2 (CubeIDE integrated)
2024-04-09 08:39:35,851 [INFO] UserAuth:179 - activating auth plugin
2024-04-09 08:39:35,858 [INFO] UserAuth:415 - Internet connection configuration mode: 1
2024-04-09 08:39:35,906 [INFO] JxBrowserEngine:152 - Initiate JxBrowser Engine with user profile folder
2024-04-09 08:39:36,912 [INFO] ServerAccessManage:473 - Download File updaters.zip
2024-04-09 08:39:37,012 [INFO] FileExtend:240 - Unzip File : updaters.zip
2024-04-09 08:39:37,012 [INFO] FileExtend:255 - Standard Zip Deflate
2024-04-09 08:39:37,208 [WARN] MainUpdater:1194 - Updater busy. Cannot search thirdparties
2024-04-09 08:39:37,208 [INFO] ThirdPartyUpdaterWithRetryManager:96 - Updater plugin is busy. [1/15]
2024-04-09 08:39:37,763 [INFO] ServerAccessManage:473 - Download File PacksControlFlags.xml
2024-04-09 08:39:37,863 [INFO] ServerAccessManage:473 - Download File cubemx.pidx
2024-04-09 08:39:37,927 [INFO] WebApp:161 - Instantiating new browser for Auth
2024-04-09 08:39:39,214 [INFO] ServerAccessManage:473 - Download File STMicroelectronics.X-CUBE-TCPP.pdsc
2024-04-09 08:39:39,389 [INFO] ServerAccessManage:473 - Download File STMicroelectronics.X-CUBE-TOUCHGFX.pdsc
2024-04-09 08:39:39,516 [INFO] WebApp:779 - Register for checkConnection events
2024-04-09 08:39:39,516 [INFO] WebApp:414 - Apply proxy settings
2024-04-09 08:39:39,520 [INFO] WebApp:499 - Chromium requires no authentication
2024-04-09 08:39:39,536 [INFO] WebApp:442 - Direct internet connection detected
2024-04-09 08:39:39,964 [INFO] WebApp:192 - Starting web application
2024-04-09 08:39:39,965 [INFO] WebApp:544 - Web application path used C:\ST\STM32CubeIDE_1.15.0\STM32CubeIDE\plugins\com.st.stm32cube.common.mx_6.11.0.202403141607\db\plugins\mcufinder\reactClient1\index.html
2024-04-09 08:39:40,212 [WARN] MainUpdater:1194 - Updater busy. Cannot search thirdparties
2024-04-09 08:39:40,212 [INFO] ThirdPartyUpdaterWithRetryManager:96 - Updater plugin is busy. [2/15]
2024-04-09 08:39:40,998 [WARN] PackLoader:240 - Cannot read IP mode file for STMicroelectronics.X-CUBE-TCPP.4.1.0
2024-04-09 08:39:41,017 [WARN] PackLoader:240 - Cannot read IP mode file for STMicroelectronics.X-CUBE-TOUCHGFX.4.23.2
2024-04-09 08:39:41,018 [INFO] PopulateThirdPartyThread:66 - Ending populate Thread
2024-04-09 08:39:41,021 [INFO] ThirdParty:1030 - CMSIS Pack Vendor :STMicroelectronics X-CUBE-TOUCHGFX 4.23.2
2024-04-09 08:39:41,021 [INFO] ThirdParty:1030 - CMSIS Pack Vendor :STMicroelectronics X-CUBE-TCPP 4.1.0
2024-04-09 08:39:41,021 [INFO] LoadServerUpdatesThread:375 - End of LoadServerUpdate Thread
2024-04-09 08:39:41,133 [INFO] CheckServerUpdateThread:120 - End of CheckServer Thread
2024-04-09 08:39:43,568 [WARN] PackLoader:240 - Cannot read IP mode file for STMicroelectronics.X-CUBE-SMBUS.2.1.0
2024-04-09 08:39:43,575 [WARN] PackLoader:240 - Cannot read IP mode file for STMicroelectronics.X-CUBE-TOUCHGFX.4.23.1
2024-04-09 08:39:43,580 [WARN] PackLoader:240 - Cannot read IP mode file for STMicroelectronics.X-CUBE-TOUCHGFX.4.23.2
2024-04-09 08:39:43,634 [WARN] PackLoader:240 - Cannot read IP mode file for STMicroelectronics.X-CUBE-AZRTOS-F7.1.1.0
2024-04-09 08:39:43,654 [WARN] PackLoader:240 - Cannot read IP mode file for STMicroelectronics.FP-SNS-FLIGHT1.5.0.2
2024-04-09 08:39:43,670 [WARN] PackLoader:240 - Cannot read IP mode file for STMicroelectronics.X-CUBE-DISPLAY.3.0.0
2024-04-09 08:39:43,694 [WARN] PackLoader:240 - Cannot read IP mode file for STMicroelectronics.X-CUBE-BLE1.7.0.0
2024-04-09 08:39:43,704 [WARN] PackLoader:240 - Cannot read IP mode file for emotas.I-CUBE-CANOPEN.1.3.0
2024-04-09 08:39:43,728 [WARN] PackLoader:240 - Cannot read IP mode file for STMicroelectronics.X-CUBE-BLEMGR.3.1.0
2024-04-09 08:39:43,743 [WARN] PackLoader:240 - Cannot read IP mode file for STMicroelectronics.FP-SNS-SMARTAG2.1.2.0
2024-04-09 08:39:43,762 [INFO] LogOutputStream:77 - [STDOUT_REDIRECT] 1 : Invalid condition id : UX_CORESTACK_Condition cause : null
2024-04-09 08:39:43,763 [INFO] LogOutputStream:77 - [STDOUT_REDIRECT] 1 : Invalid condition id : UX_CORESTACK_Condition cause : null
2024-04-09 08:39:43,766 [INFO] LogOutputStream:77 - [STDOUT_REDIRECT] 1 : Invalid condition id : UX_CORESTACK_Condition cause : null
2024-04-09 08:39:43,768 [INFO] LogOutputStream:77 - [STDOUT_REDIRECT] 1 : Invalid condition id : UX_CORESTACK_Condition cause : null
2024-04-09 08:39:43,770 [INFO] LogOutputStream:77 - [STDOUT_REDIRECT] 1 : Invalid condition id : UX_CORESTACK_Condition cause : null
2024-04-09 08:39:43,777 [WARN] PackLoader:240 - Cannot read IP mode file for STMicroelectronics.X-CUBE-AZRTOS-WL.2.0.0
2024-04-09 08:39:43,790 [WARN] PackLoader:240 - Cannot read IP mode file for STMicroelectronics.FP-SNS-MOTENV1.5.0.0
2024-04-09 08:39:43,807 [WARN] PackLoader:240 - Cannot read IP mode file for WES.I-CUBE-Cesium.1.3.0
2024-04-09 08:39:43,817 [WARN] PackLoader:240 - Cannot read IP mode file for STMicroelectronics.X-CUBE-BLE2.3.3.0
2024-04-09 08:39:43,827 [WARN] PackLoader:240 - Cannot read IP mode file for STMicroelectronics.X-CUBE-TCPP.4.1.0
2024-04-09 08:39:43,842 [WARN] PackLoader:240 - Cannot read IP mode file for STMicroelectronics.X-CUBE-ALGOBUILD.1.3.0
2024-04-09 08:39:43,872 [WARN] PackLoader:240 - Cannot read IP mode file for STMicroelectronics.X-CUBE-AZRTOS-G0.1.1.0
2024-04-09 08:39:43,888 [WARN] PackLoader:240 - Cannot read IP mode file for STMicroelectronics.X-CUBE-SAFEA1.1.2.2
2024-04-09 08:39:43,900 [WARN] PackLoader:240 - Cannot read IP mode file for STMicroelectronics.X-CUBE-NFC4.3.0.0
2024-04-09 08:39:43,911 [WARN] PackLoader:240 - Cannot read IP mode file for wolfSSL.I-CUBE-wolfSSL.5.7.0
2024-04-09 08:39:43,919 [WARN] PackLoader:240 - Cannot read IP mode file for STMicroelectronics.FP-ATR-SIGFOX1.3.2.0
2024-04-09 08:39:43,930 [WARN] PackLoader:240 - Cannot read IP mode file for STMicroelectronics.X-CUBE-EEPRMA1.5.1.0
2024-04-09 08:39:43,947 [WARN] PackLoader:240 - Cannot read IP mode file for ITTIA_DB.I-CUBE-ITTIADB.8.9.0
2024-04-09 08:39:44,009 [WARN] PackLoader:240 - Cannot read IP mode file for SEGGER.I-CUBE-embOS.1.3.1
2024-04-09 08:39:44,103 [WARN] PackLoader:240 - Cannot read IP mode file for STMicroelectronics.X-CUBE-GNSS1.6.0.0
2024-04-09 08:39:44,131 [WARN] PackLoader:240 - Cannot read IP mode file for STMicroelectronics.X-CUBE-AZRTOS-F4.1.1.0
2024-04-09 08:39:44,162 [WARN] PackLoader:240 - Cannot read IP mode file for STMicroelectronics.X-CUBE-AZRTOS-L5.2.0.0
2024-04-09 08:39:44,179 [WARN] PackLoader:240 - Cannot read IP mode file for STMicroelectronics.X-CUBE-NFC6.3.1.0
2024-04-09 08:39:44,192 [WARN] PackLoader:240 - Cannot read IP mode file for STMicroelectronics.X-CUBE-NFC7.1.0.1
2024-04-09 08:39:44,201 [WARN] PackLoader:240 - Cannot read IP mode file for STMicroelectronics.X-CUBE-AI.8.1.0
2024-04-09 08:39:44,228 [WARN] ConditionMgr:438 - getConditionDescription Invalid condition id : LAN8742 Phy interface Condition cause : null
2024-04-09 08:39:44,229 [WARN] PackLoader:240 - Cannot read IP mode file for STMicroelectronics.X-CUBE-AZRTOS-L4.2.0.0
2024-04-09 08:39:44,231 [WARN] ConditionMgr:1039 - genDependencies : Invalid condition id : LAN8742 Phy interface Condition cause : null
2024-04-09 08:39:44,232 [WARN] ConditionMgr:1039 - genDependencies : Invalid condition id : LAN8742 Phy interface Condition cause : null
2024-04-09 08:39:44,233 [WARN] ConditionMgr:1039 - genDependencies : Invalid condition id : LAN8742 Phy interface Condition cause : null
2024-04-09 08:39:44,261 [WARN] PackLoader:240 - Cannot read IP mode file for STMicroelectronics.X-CUBE-SFXS2LP1.4.0.0
2024-04-09 08:39:44,281 [WARN] ConditionMgr:438 - getConditionDescription Invalid condition id : UX DEVICE CLASS RTOS Condition cause : null
2024-04-09 08:39:44,282 [WARN] ConditionMgr:438 - getConditionDescription Invalid condition id : UX DEVICE CLASS RTOS Condition cause : null
2024-04-09 08:39:44,286 [WARN] PackLoader:240 - Cannot read IP mode file for STMicroelectronics.X-CUBE-AZRTOS-WB.2.0.0
2024-04-09 08:39:44,287 [WARN] ConditionMgr:1039 - genDependencies : Invalid condition id : UX DEVICE CLASS RTOS Condition cause : null
2024-04-09 08:39:44,288 [WARN] ConditionMgr:1039 - genDependencies : Invalid condition id : UX DEVICE CLASS RTOS Condition cause : null
2024-04-09 08:39:44,289 [WARN] ConditionMgr:1039 - genDependencies : Invalid condition id : UX DEVICE CLASS RTOS Condition cause : null
2024-04-09 08:39:44,290 [WARN] ConditionMgr:1039 - genDependencies : Invalid condition id : UX DEVICE CLASS RTOS Condition cause : null
2024-04-09 08:39:44,290 [WARN] ConditionMgr:1039 - genDependencies : Invalid condition id : UX DEVICE CLASS RTOS Condition cause : null
2024-04-09 08:39:44,308 [WARN] PackLoader:240 - Cannot read IP mode file for STMicroelectronics.X-CUBE-SUBG2.5.0.0
2024-04-09 08:39:44,333 [WARN] PackLoader:240 - Cannot read IP mode file for STMicroelectronics.X-CUBE-AZRTOS-G4.2.0.0
2024-04-09 08:39:44,345 [WARN] PackLoader:240 - Cannot read IP mode file for STMicroelectronics.FP-SNS-MOTENVWB1.1.3.1
2024-04-09 08:39:44,353 [WARN] PackLoader:240 - Cannot read IP mode file for STMicroelectronics.X-CUBE-ISPU.2.0.0
2024-04-09 08:39:44,404 [WARN] PackLoader:240 - Cannot read IP mode file for STMicroelectronics.X-CUBE-MEMS1.10.0.0
2024-04-09 08:39:44,583 [WARN] PackLoader:240 - Cannot read IP mode file for STMicroelectronics.X-CUBE-FREERTOS.1.1.0
2024-04-09 08:39:44,592 [WARN] PackLoader:240 - Cannot read IP mode file for portGmbH.I-Cube-SoM-uGOAL.1.1.0
2024-04-09 08:39:44,599 [WARN] PackLoader:240 - Cannot read IP mode file for STMicroelectronics.X-CUBE-ALS.1.0.1
2024-04-09 08:39:44,607 [WARN] PackLoader:240 - Cannot read IP mode file for STMicroelectronics.FP-ATR-ASTRA1.2.0.0
2024-04-09 08:39:44,622 [WARN] PackLoader:240 - Cannot read IP mode file for STMicroelectronics.X-CUBE-TOF1.3.4.1
2024-04-09 08:39:44,662 [WARN] PackLoader:240 - Cannot read IP mode file for STMicroelectronics.X-CUBE-AZRTOS-H7.3.2.0
2024-04-09 08:39:44,682 [WARN] PackLoader:240 - Cannot read IP mode file for Infineon.AIROC-Wi-Fi-Bluetooth-STM32.1.6.0
2024-04-09 08:39:44,688 [INFO] ThirdParty:978 - Integrity check success = true
2024-04-09 08:39:44,688 [INFO] IntegrityCheckThread:100 - exiting critical section [integrity check]
2024-04-09 08:39:44,688 [INFO] IntegrityCheckThread:103 - End integrity checks thread
2024-04-09 12:56:18,403 [ERROR] LogOutputStream:75 - [STDERR_REDIRECT] 
