2024-04-05 09:37:44,738 [INFO] Activator:176 - 


2024-04-05 09:37:44,747 [INFO] Activator:177 - !SESSION log4j initialized
2024-04-05 09:37:51,221 [INFO] LogOutputStream:77 - [STDOUT_REDIRECT] 
2024-04-05 09:37:52,548 [INFO] ApplicationProperties:184 - Using Application install path: C:\ST\STM32CubeIDE_1.15.0\STM32CubeIDE\plugins\com.st.stm32cube.common.mx_6.11.0.202403141607
2024-04-05 09:37:52,568 [INFO] DbMcusXml:78 - Set database path to: C:\ST\STM32CubeIDE_1.15.0\STM32CubeIDE\plugins\com.st.stm32cube.common.mx_6.11.0.202403141607\\db\/mcu/
2024-04-05 09:37:52,569 [INFO] ApiDb:274 - Set plugin database path to: C:\ST\STM32CubeIDE_1.15.0\STM32CubeIDE\plugins\com.st.stm32cube.common.mx_6.11.0.202403141607\\db\/plugins/boardmanager/
2024-04-05 09:37:52,569 [WARN] ApiDb:259 - Overriding images path with different value:  => C:\ST\STM32CubeIDE_1.15.0\STM32CubeIDE\plugins\com.st.stm32cube.common.mx_6.11.0.202403141607\\db\/plugins/mcufinder/images/
2024-04-05 09:37:52,580 [INFO] ApiDb:250 - Set database path to: C:\Users\fabia\.stmcufinder\plugins\mcufinder//mcu/
2024-04-05 09:37:52,581 [INFO] DbMcusAds:125 - Set database path to: C:\Users\fabia\.stmcufinder\plugins\mcufinder//mcu/
2024-04-05 09:37:52,584 [INFO] CrossReferenceDbSqlite:203 - Set database path to: C:\Users\fabia\.stmcufinder\plugins\mcufinder//mcu/cs/
2024-04-05 09:37:52,742 [INFO] RulesReader:64 - Compatibility file has been processed (297 Rules)
2024-04-05 09:37:52,878 [INFO] DbMcusXml:78 - Set database path to: C:\ST\STM32CubeIDE_1.15.0\STM32CubeIDE\plugins\com.st.stm32cube.common.mx_6.11.0.202403141607\\db\/mcu/
2024-04-05 09:37:52,878 [INFO] ApiDb:274 - Set plugin database path to: C:\ST\STM32CubeIDE_1.15.0\STM32CubeIDE\plugins\com.st.stm32cube.common.mx_6.11.0.202403141607\\db\/plugins/boardmanager/
2024-04-05 09:37:52,879 [INFO] ApiDb:261 - Set plugin images path to: C:\ST\STM32CubeIDE_1.15.0\STM32CubeIDE\plugins\com.st.stm32cube.common.mx_6.11.0.202403141607\\db\/plugins/mcufinder/images/
2024-04-05 09:37:52,879 [WARN] DbFile:41 - Overriding database path with different value: C:\Users\fabia\.stmcufinder\plugins\mcufinder/ => C:\Users\fabia\.stmcufinder\plugins\mcufinder
2024-04-05 09:37:52,879 [INFO] ApiDb:250 - Set database path to: C:\Users\fabia\.stmcufinder\plugins\mcufinder//mcu/
2024-04-05 09:37:52,879 [WARN] DbFile:41 - Overriding database path with different value: C:\Users\fabia\.stmcufinder\plugins\mcufinder/ => C:\Users\fabia\.stmcufinder\plugins\mcufinder
2024-04-05 09:37:52,879 [INFO] DbMcusAds:125 - Set database path to: C:\Users\fabia\.stmcufinder\plugins\mcufinder//mcu/
2024-04-05 09:37:52,879 [WARN] DbFile:41 - Overriding database path with different value: C:\Users\fabia\.stmcufinder\plugins\mcufinder/ => C:\Users\fabia\.stmcufinder\plugins\mcufinder
2024-04-05 09:37:52,880 [WARN] DbFile:41 - Overriding database path with different value: C:\Users\fabia\.stmcufinder\plugins\mcufinder/ => C:\Users\fabia\.stmcufinder\plugins\mcufinder
2024-04-05 09:37:52,880 [INFO] CrossReferenceDbSqlite:203 - Set database path to: C:\Users\fabia\.stmcufinder\plugins\mcufinder//mcu/cs/
2024-04-05 09:37:52,998 [INFO] MainPanel:264 - HeapMemory: 268435456
2024-04-05 09:37:53,141 [INFO] DbMcusXml:78 - Set database path to: C:\ST\STM32CubeIDE_1.15.0\STM32CubeIDE\plugins\com.st.stm32cube.common.mx_6.11.0.202403141607\\db\/mcu/
2024-04-05 09:37:53,141 [INFO] ApiDb:274 - Set plugin database path to: C:\ST\STM32CubeIDE_1.15.0\STM32CubeIDE\plugins\com.st.stm32cube.common.mx_6.11.0.202403141607\\db\/plugins/boardmanager/
2024-04-05 09:37:53,141 [INFO] ApiDb:261 - Set plugin images path to: C:\ST\STM32CubeIDE_1.15.0\STM32CubeIDE\plugins\com.st.stm32cube.common.mx_6.11.0.202403141607\\db\/plugins/mcufinder/images/
2024-04-05 09:37:53,141 [WARN] DbFile:41 - Overriding database path with different value: C:\Users\fabia\.stmcufinder\plugins\mcufinder/ => C:\Users\fabia\.stmcufinder\plugins\mcufinder
2024-04-05 09:37:53,142 [INFO] ApiDb:250 - Set database path to: C:\Users\fabia\.stmcufinder\plugins\mcufinder//mcu/
2024-04-05 09:37:53,142 [WARN] DbFile:41 - Overriding database path with different value: C:\Users\fabia\.stmcufinder\plugins\mcufinder/ => C:\Users\fabia\.stmcufinder\plugins\mcufinder
2024-04-05 09:37:53,142 [INFO] DbMcusAds:125 - Set database path to: C:\Users\fabia\.stmcufinder\plugins\mcufinder//mcu/
2024-04-05 09:37:53,142 [WARN] DbFile:41 - Overriding database path with different value: C:\Users\fabia\.stmcufinder\plugins\mcufinder/ => C:\Users\fabia\.stmcufinder\plugins\mcufinder
2024-04-05 09:37:53,142 [WARN] DbFile:41 - Overriding database path with different value: C:\Users\fabia\.stmcufinder\plugins\mcufinder/ => C:\Users\fabia\.stmcufinder\plugins\mcufinder
2024-04-05 09:37:53,142 [INFO] CrossReferenceDbSqlite:203 - Set database path to: C:\Users\fabia\.stmcufinder\plugins\mcufinder//mcu/cs/
2024-04-05 09:37:53,165 [INFO] ApplicationProperties:184 - Using Application install path: C:\ST\STM32CubeIDE_1.15.0\STM32CubeIDE\plugins\com.st.stm32cube.common.mx_6.11.0.202403141607
2024-04-05 09:37:53,167 [INFO] PluginManage:196 - Search for loadable plugins [exclusion list=, ]
2024-04-05 09:37:53,169 [INFO] PluginManage:310 - Check plugin analytics
2024-04-05 09:37:53,387 [INFO] AnalyticsPlugin:253 - Accepted Software Licenses: 
2024-04-05 09:37:53,388 [INFO] AnalyticsPlugin:255 - Accepted CMSIS Pack Licenses: 
2024-04-05 09:37:53,388 [INFO] AnalyticsPlugin:257 - Accepted Firmware Licenses: 
2024-04-05 09:37:53,392 [INFO] PluginManage:359 - Loaded plugin analytics (category:tool,tabindex:-1)
2024-04-05 09:37:53,393 [INFO] PluginManage:310 - Check plugin cadmodel
2024-04-05 09:37:53,402 [INFO] CADModel:105 - Init CAD model plugin
2024-04-05 09:37:53,402 [INFO] PluginManage:359 - Loaded plugin cadmodel (category:power,tabindex:5)
2024-04-05 09:37:53,402 [INFO] PluginManage:310 - Check plugin clock
2024-04-05 09:37:53,422 [INFO] PluginManage:359 - Loaded plugin clock (category:base,tabindex:2)
2024-04-05 09:37:53,423 [INFO] PluginManage:310 - Check plugin ddr
2024-04-05 09:37:53,426 [INFO] PluginManage:359 - Loaded plugin ddr (category:tool,tabindex:6)
2024-04-05 09:37:53,427 [INFO] PluginManage:310 - Check plugin filemanager
2024-04-05 09:37:53,621 [INFO] PluginManage:359 - Loaded plugin filemanager (category:base,tabindex:10)
2024-04-05 09:37:53,621 [INFO] PluginManage:310 - Check plugin ipmanager
2024-04-05 09:37:53,630 [INFO] PluginManage:359 - Loaded plugin ipmanager (category:base,tabindex:5)
2024-04-05 09:37:53,630 [INFO] PluginManage:310 - Check plugin lpbam
2024-04-05 09:37:53,640 [INFO] PluginManage:359 - Loaded plugin lpbam (category:base,tabindex:0)
2024-04-05 09:37:53,641 [INFO] PluginManage:310 - Check plugin memorymap
2024-04-05 09:37:53,658 [INFO] PluginManage:359 - Loaded plugin memorymap (category:base,tabindex:4)
2024-04-05 09:37:53,658 [INFO] PluginManage:310 - Check plugin pinoutandconfiguration
2024-04-05 09:37:53,668 [INFO] PluginManage:359 - Loaded plugin pinoutandconfiguration (category:base,tabindex:1)
2024-04-05 09:37:53,669 [INFO] PluginManage:310 - Check plugin pinoutconfig
2024-04-05 09:37:53,772 [WARN] SupportedApi:132 - Cannot load RTOS API schema: s4s-elt-must-match.1: The content of 'definitions' must match (annotation?, (simpleType | complexType)?, (unique | key | keyref)*)). A problem was found starting at: attribute.
2024-04-05 09:37:53,919 [INFO] PluginManage:359 - Loaded plugin pinoutconfig (category:base,tabindex:0)
2024-04-05 09:37:53,919 [INFO] PluginManage:310 - Check plugin power
2024-04-05 09:37:53,936 [INFO] PluginManage:359 - Loaded plugin power (category:power,tabindex:4)
2024-04-05 09:37:53,937 [INFO] PluginManage:310 - Check plugin projectmanager
2024-04-05 09:37:53,956 [INFO] PluginManage:359 - Loaded plugin projectmanager (category:projectmanager,tabindex:3)
2024-04-05 09:37:53,956 [INFO] PluginManage:310 - Check plugin thirdparty
2024-04-05 09:37:54,120 [INFO] PluginManage:359 - Loaded plugin thirdparty (category:base,tabindex:-1)
2024-04-05 09:37:54,119 [WARN] IntegrityCheckThread:84 - waiting for thirdparty lock release [integrity check]
2024-04-05 09:37:54,120 [INFO] PluginManage:310 - Check plugin tools
2024-04-05 09:37:54,120 [INFO] IntegrityCheckThread:86 - entering critical section [integrity check]
2024-04-05 09:37:54,121 [INFO] ThirdPartyUpdaterWithRetryManager:70 - Updater plugin not ready yet. [1/15]
2024-04-05 09:37:54,125 [INFO] PluginManage:359 - Loaded plugin tools (category:base,tabindex:7)
2024-04-05 09:37:54,125 [INFO] PluginManage:310 - Check plugin tutovideos
2024-04-05 09:37:54,319 [INFO] PluginManage:359 - Loaded plugin tutovideos (category:base,tabindex:-1)
2024-04-05 09:37:54,319 [INFO] PluginManage:310 - Check plugin updater
2024-04-05 09:37:54,335 [INFO] PluginManage:359 - Loaded plugin updater (category:base,tabindex:12)
2024-04-05 09:37:54,335 [INFO] PluginManage:310 - Check plugin userauth
2024-04-05 09:37:54,344 [INFO] UserAuth:114 - Init User Auth plugin
2024-04-05 09:37:54,345 [INFO] PluginManage:359 - Loaded plugin userauth (category:base,tabindex:14)
2024-04-05 09:37:54,346 [INFO] PluginManage:283 - PluginManage : Loaded plugins [17]
2024-04-05 09:37:54,683 [INFO] PinOutPanel:1561 - setPackage(No Configuration,No Configuration)
2024-04-05 09:37:54,808 [INFO] CADModel:165 - CPN selected for project level
2024-04-05 09:37:54,809 [INFO] CADModel:114 - Register for checkConnection events
2024-04-05 09:37:54,837 [INFO] IPUIPlugin:80 - create IPUIPlugin
2024-04-05 09:37:54,837 [INFO] PluginManager:220 - loadIPPluginJar : add adc
2024-04-05 09:37:54,842 [INFO] IPUIPlugin:80 - create IPUIPlugin
2024-04-05 09:37:54,843 [INFO] PluginManager:220 - loadIPPluginJar : add aes
2024-04-05 09:37:54,849 [INFO] IPUIPlugin:80 - create IPUIPlugin
2024-04-05 09:37:54,849 [INFO] PluginManager:220 - loadIPPluginJar : add can
2024-04-05 09:37:54,853 [INFO] IPUIPlugin:80 - create IPUIPlugin
2024-04-05 09:37:54,853 [INFO] PluginManager:220 - loadIPPluginJar : add comp
2024-04-05 09:37:54,859 [INFO] IPUIPlugin:80 - create IPUIPlugin
2024-04-05 09:37:54,859 [INFO] PluginManager:220 - loadIPPluginJar : add cryp
2024-04-05 09:37:54,863 [INFO] IPUIPlugin:80 - create IPUIPlugin
2024-04-05 09:37:54,864 [INFO] PluginManager:220 - loadIPPluginJar : add dfsdm
2024-04-05 09:37:54,875 [INFO] IPUIPlugin:80 - create IPUIPlugin
2024-04-05 09:37:54,876 [INFO] PluginManager:220 - loadIPPluginJar : add dma
2024-04-05 09:37:54,882 [INFO] IPUIPlugin:80 - create IPUIPlugin
2024-04-05 09:37:54,882 [INFO] PluginManager:220 - loadIPPluginJar : add dma3
2024-04-05 09:37:54,887 [INFO] IPUIPlugin:80 - create IPUIPlugin
2024-04-05 09:37:54,888 [INFO] PluginManager:220 - loadIPPluginJar : add extmemmanager
2024-04-05 09:37:54,891 [INFO] IPUIPlugin:80 - create IPUIPlugin
2024-04-05 09:37:54,891 [INFO] PluginManager:220 - loadIPPluginJar : add fatfs
2024-04-05 09:37:54,901 [INFO] IPUIPlugin:80 - create IPUIPlugin
2024-04-05 09:37:54,901 [INFO] PluginManager:220 - loadIPPluginJar : add fmc
2024-04-05 09:37:54,910 [INFO] IPUIPlugin:80 - create IPUIPlugin
2024-04-05 09:37:54,910 [INFO] PluginManager:220 - loadIPPluginJar : add freertos
2024-04-05 09:37:54,913 [INFO] IPUIPlugin:80 - create IPUIPlugin
2024-04-05 09:37:54,913 [INFO] PluginManager:220 - loadIPPluginJar : add genericplugin
2024-04-05 09:37:54,918 [INFO] IPUIPlugin:80 - create IPUIPlugin
2024-04-05 09:37:54,918 [INFO] PluginManager:220 - loadIPPluginJar : add gfxmmu
2024-04-05 09:37:54,927 [INFO] IPUIPlugin:80 - create IPUIPlugin
2024-04-05 09:37:54,927 [INFO] PluginManager:220 - loadIPPluginJar : add gic
2024-04-05 09:37:54,936 [INFO] IPUIPlugin:80 - create IPUIPlugin
2024-04-05 09:37:54,936 [INFO] PluginManager:220 - loadIPPluginJar : add gpio
2024-04-05 09:37:54,944 [INFO] IPUIPlugin:80 - create IPUIPlugin
2024-04-05 09:37:54,944 [INFO] PluginManager:220 - loadIPPluginJar : add gtzc
2024-04-05 09:37:54,950 [INFO] IPUIPlugin:80 - create IPUIPlugin
2024-04-05 09:37:54,950 [INFO] PluginManager:220 - loadIPPluginJar : add hash
2024-04-05 09:37:54,956 [INFO] IPUIPlugin:80 - create IPUIPlugin
2024-04-05 09:37:54,956 [INFO] PluginManager:220 - loadIPPluginJar : add i2c
2024-04-05 09:37:54,961 [INFO] IPUIPlugin:80 - create IPUIPlugin
2024-04-05 09:37:54,961 [INFO] PluginManager:220 - loadIPPluginJar : add i2s
2024-04-05 09:37:54,966 [INFO] IPUIPlugin:80 - create IPUIPlugin
2024-04-05 09:37:54,966 [INFO] PluginManager:220 - loadIPPluginJar : add i3c
2024-04-05 09:37:54,973 [INFO] IPUIPlugin:80 - create IPUIPlugin
2024-04-05 09:37:54,973 [INFO] PluginManager:220 - loadIPPluginJar : add ipddr
2024-04-05 09:37:54,983 [INFO] IPUIPlugin:80 - create IPUIPlugin
2024-04-05 09:37:54,983 [INFO] PluginManager:220 - loadIPPluginJar : add linkedlist
2024-04-05 09:37:54,988 [INFO] IPUIPlugin:80 - create IPUIPlugin
2024-04-05 09:37:54,988 [INFO] PluginManager:220 - loadIPPluginJar : add lorawan
2024-04-05 09:37:54,991 [INFO] IPUIPlugin:80 - create IPUIPlugin
2024-04-05 09:37:54,991 [INFO] PluginManager:220 - loadIPPluginJar : add ltdc
2024-04-05 09:37:55,001 [INFO] IPUIPlugin:80 - create IPUIPlugin
2024-04-05 09:37:55,001 [INFO] PluginManager:220 - loadIPPluginJar : add mdma
2024-04-05 09:37:55,008 [INFO] IPUIPlugin:80 - create IPUIPlugin
2024-04-05 09:37:55,008 [INFO] PluginManager:220 - loadIPPluginJar : add nvic
2024-04-05 09:37:55,015 [INFO] IPUIPlugin:80 - create IPUIPlugin
2024-04-05 09:37:55,015 [INFO] PluginManager:220 - loadIPPluginJar : add opamp
2024-04-05 09:37:55,021 [INFO] IPUIPlugin:80 - create IPUIPlugin
2024-04-05 09:37:55,022 [INFO] PluginManager:220 - loadIPPluginJar : add openamp
2024-04-05 09:37:55,029 [INFO] IPUIPlugin:80 - create IPUIPlugin
2024-04-05 09:37:55,030 [INFO] PluginManager:220 - loadIPPluginJar : add pdm2pcm
2024-04-05 09:37:55,043 [INFO] IPUIPlugin:80 - create IPUIPlugin
2024-04-05 09:37:55,046 [INFO] PluginManager:220 - loadIPPluginJar : add plateformsettings
2024-04-05 09:37:55,049 [INFO] IPUIPlugin:80 - create IPUIPlugin
2024-04-05 09:37:55,049 [INFO] PluginManager:220 - loadIPPluginJar : add quadspi
2024-04-05 09:37:55,055 [INFO] IPUIPlugin:80 - create IPUIPlugin
2024-04-05 09:37:55,055 [INFO] PluginManager:220 - loadIPPluginJar : add resmgrutility
2024-04-05 09:37:55,059 [INFO] IPUIPlugin:80 - create IPUIPlugin
2024-04-05 09:37:55,059 [INFO] PluginManager:220 - loadIPPluginJar : add sai
2024-04-05 09:37:55,063 [INFO] IPUIPlugin:80 - create IPUIPlugin
2024-04-05 09:37:55,063 [INFO] PluginManager:220 - loadIPPluginJar : add spi
2024-04-05 09:37:55,070 [INFO] IPUIPlugin:80 - create IPUIPlugin
2024-04-05 09:37:55,070 [INFO] PluginManager:220 - loadIPPluginJar : add stm32_wpan
2024-04-05 09:37:55,073 [INFO] IPUIPlugin:80 - create IPUIPlugin
2024-04-05 09:37:55,073 [INFO] PluginManager:220 - loadIPPluginJar : add tim
2024-04-05 09:37:55,080 [INFO] IPUIPlugin:80 - create IPUIPlugin
2024-04-05 09:37:55,080 [INFO] PluginManager:220 - loadIPPluginJar : add touchsensing
2024-04-05 09:37:55,085 [INFO] IPUIPlugin:80 - create IPUIPlugin
2024-04-05 09:37:55,085 [INFO] PluginManager:220 - loadIPPluginJar : add tracer_emb
2024-04-05 09:37:55,091 [INFO] IPUIPlugin:80 - create IPUIPlugin
2024-04-05 09:37:55,092 [INFO] PluginManager:220 - loadIPPluginJar : add ts
2024-04-05 09:37:55,095 [INFO] IPUIPlugin:80 - create IPUIPlugin
2024-04-05 09:37:55,095 [INFO] PluginManager:220 - loadIPPluginJar : add tsc
2024-04-05 09:37:55,100 [INFO] IPUIPlugin:80 - create IPUIPlugin
2024-04-05 09:37:55,100 [INFO] PluginManager:220 - loadIPPluginJar : add ucpd
2024-04-05 09:37:55,105 [INFO] IPUIPlugin:80 - create IPUIPlugin
2024-04-05 09:37:55,105 [INFO] PluginManager:220 - loadIPPluginJar : add usart
2024-04-05 09:37:55,111 [INFO] IPUIPlugin:80 - create IPUIPlugin
2024-04-05 09:37:55,111 [INFO] PluginManager:220 - loadIPPluginJar : add usbx
2024-04-05 09:37:55,268 [INFO] CADModel:165 - CPN selected for project level
2024-04-05 09:37:55,269 [INFO] CADModel:114 - Register for checkConnection events
2024-04-05 09:37:55,269 [FATAL] Updater:308 - Updater called before beeing initialized
2024-04-05 09:37:55,269 [ERROR] CADModel:125 - Updater not yet initialized, retry later 
2024-04-05 09:37:55,451 [INFO] CADModel:165 - CPN selected for project level
2024-04-05 09:37:55,451 [INFO] CADModel:114 - Register for checkConnection events
2024-04-05 09:37:55,451 [FATAL] Updater:308 - Updater called before beeing initialized
2024-04-05 09:37:55,451 [ERROR] CADModel:125 - Updater not yet initialized, retry later 
2024-04-05 09:37:55,456 [FATAL] Updater:308 - Updater called before beeing initialized
2024-04-05 09:37:55,590 [FATAL] Updater:308 - Updater called before beeing initialized
2024-04-05 09:37:55,596 [INFO] DbMcusAds:53 - JSON generation date=Wed Nov 29 11:52:27 CET 2023 (1701255147349)
2024-04-05 09:37:55,597 [FATAL] Updater:308 - Updater called before beeing initialized
2024-04-05 09:37:55,643 [WARN] DetailPanel:346 - Failed to get advertising image, set to default
2024-04-05 09:37:55,765 [FATAL] Updater:308 - Updater called before beeing initialized
2024-04-05 09:37:55,768 [FATAL] Updater:308 - Updater called before beeing initialized
2024-04-05 09:37:55,768 [FATAL] Updater:308 - Updater called before beeing initialized
2024-04-05 09:37:55,768 [WARN] DetailPanel:346 - Failed to get advertising image, set to default
2024-04-05 09:37:55,769 [FATAL] Updater:308 - Updater called before beeing initialized
2024-04-05 09:37:55,832 [ERROR] Updater:1120 - MainUpdater not yet initialized. External WinMGr cannot be set.
2024-04-05 09:37:55,838 [INFO] Updater:1056 - Updater Version found : 6.11.0
2024-04-05 09:37:55,870 [INFO] ApplicationProperties:184 - Using Application install path: C:\ST\STM32CubeIDE_1.15.0\STM32CubeIDE\plugins\com.st.stm32cube.common.mx_6.11.0.202403141607
2024-04-05 09:37:57,123 [INFO] ThirdPartyUpdaterWithRetryManager:70 - Updater plugin not ready yet. [2/15]
2024-04-05 09:37:57,458 [ERROR] LogOutputStream:75 - [STDERR_REDIRECT] Apr 05, 2024 9:37:57 AM java.util.prefs.WindowsPreferences <init>
2024-04-05 09:37:57,462 [ERROR] LogOutputStream:75 - [STDERR_REDIRECT] WARNING: Could not open/create prefs root node Software\JavaSoft\Prefs at root 0xffffffff80000002. Windows RegCreateKeyEx(...) returned error code 5.
2024-04-05 09:37:57,463 [ERROR] LogOutputStream:75 - [STDERR_REDIRECT] 
2024-04-05 09:37:57,866 [INFO] MainUpdater:2873 - connection check result : 10
2024-04-05 09:37:57,867 [INFO] MainUpdater:290 - Updater Check For Update Now.
2024-04-05 09:37:57,868 [INFO] MicroXplorer:498 - Change Database Version : DB.6.0.110
2024-04-05 09:37:57,881 [INFO] McuFinderGlobals:63 - Set McuFinder mode to 2 (CubeIDE integrated)
2024-04-05 09:37:57,881 [INFO] UserAuth:179 - activating auth plugin
2024-04-05 09:37:57,887 [INFO] UserAuth:415 - Internet connection configuration mode: 1
2024-04-05 09:37:57,918 [INFO] JxBrowserEngine:152 - Initiate JxBrowser Engine with user profile folder
2024-04-05 09:37:58,078 [INFO] CheckServerUpdateThread:120 - End of CheckServer Thread
2024-04-05 09:37:59,562 [INFO] WebApp:161 - Instantiating new browser for Auth
2024-04-05 09:38:00,363 [WARN] PackLoader:240 - Cannot read IP mode file for STMicroelectronics.X-CUBE-SMBUS.2.1.0
2024-04-05 09:38:00,377 [WARN] PackLoader:240 - Cannot read IP mode file for STMicroelectronics.X-CUBE-TOUCHGFX.4.23.1
2024-04-05 09:38:00,381 [INFO] WebApp:779 - Register for checkConnection events
2024-04-05 09:38:00,382 [INFO] WebApp:414 - Apply proxy settings
2024-04-05 09:38:00,382 [INFO] WebApp:499 - Chromium requires no authentication
2024-04-05 09:38:00,397 [INFO] WebApp:442 - Direct internet connection detected
2024-04-05 09:38:00,420 [WARN] PackLoader:240 - Cannot read IP mode file for STMicroelectronics.X-CUBE-AZRTOS-F7.1.1.0
2024-04-05 09:38:00,437 [WARN] PackLoader:240 - Cannot read IP mode file for STMicroelectronics.FP-SNS-FLIGHT1.5.0.2
2024-04-05 09:38:00,452 [WARN] PackLoader:240 - Cannot read IP mode file for STMicroelectronics.X-CUBE-DISPLAY.3.0.0
2024-04-05 09:38:00,475 [WARN] PackLoader:240 - Cannot read IP mode file for STMicroelectronics.X-CUBE-BLE1.7.0.0
2024-04-05 09:38:00,485 [WARN] PackLoader:240 - Cannot read IP mode file for emotas.I-CUBE-CANOPEN.1.3.0
2024-04-05 09:38:00,506 [WARN] PackLoader:240 - Cannot read IP mode file for STMicroelectronics.X-CUBE-BLEMGR.3.1.0
2024-04-05 09:38:00,521 [WARN] PackLoader:240 - Cannot read IP mode file for STMicroelectronics.FP-SNS-SMARTAG2.1.2.0
2024-04-05 09:38:00,551 [INFO] LogOutputStream:77 - [STDOUT_REDIRECT] 1 : Invalid condition id : UX_CORESTACK_Condition cause : null
2024-04-05 09:38:00,552 [INFO] LogOutputStream:77 - [STDOUT_REDIRECT] 1 : Invalid condition id : UX_CORESTACK_Condition cause : null
2024-04-05 09:38:00,554 [INFO] LogOutputStream:77 - [STDOUT_REDIRECT] 1 : Invalid condition id : UX_CORESTACK_Condition cause : null
2024-04-05 09:38:00,555 [INFO] LogOutputStream:77 - [STDOUT_REDIRECT] 1 : Invalid condition id : UX_CORESTACK_Condition cause : null
2024-04-05 09:38:00,557 [INFO] LogOutputStream:77 - [STDOUT_REDIRECT] 1 : Invalid condition id : UX_CORESTACK_Condition cause : null
2024-04-05 09:38:00,563 [WARN] PackLoader:240 - Cannot read IP mode file for STMicroelectronics.X-CUBE-AZRTOS-WL.2.0.0
2024-04-05 09:38:00,574 [WARN] PackLoader:240 - Cannot read IP mode file for STMicroelectronics.FP-SNS-MOTENV1.5.0.0
2024-04-05 09:38:00,591 [WARN] PackLoader:240 - Cannot read IP mode file for WES.I-CUBE-Cesium.1.3.0
2024-04-05 09:38:00,600 [WARN] PackLoader:240 - Cannot read IP mode file for STMicroelectronics.X-CUBE-BLE2.3.3.0
2024-04-05 09:38:00,612 [WARN] PackLoader:240 - Cannot read IP mode file for STMicroelectronics.X-CUBE-ALGOBUILD.1.3.0
2024-04-05 09:38:00,635 [WARN] PackLoader:240 - Cannot read IP mode file for STMicroelectronics.X-CUBE-AZRTOS-G0.1.1.0
2024-04-05 09:38:00,648 [WARN] PackLoader:240 - Cannot read IP mode file for STMicroelectronics.X-CUBE-SAFEA1.1.2.2
2024-04-05 09:38:00,658 [WARN] PackLoader:240 - Cannot read IP mode file for STMicroelectronics.X-CUBE-NFC4.3.0.0
2024-04-05 09:38:00,667 [WARN] PackLoader:240 - Cannot read IP mode file for wolfSSL.I-CUBE-wolfSSL.5.7.0
2024-04-05 09:38:00,674 [WARN] PackLoader:240 - Cannot read IP mode file for STMicroelectronics.FP-ATR-SIGFOX1.3.2.0
2024-04-05 09:38:00,683 [WARN] PackLoader:240 - Cannot read IP mode file for STMicroelectronics.X-CUBE-EEPRMA1.5.1.0
2024-04-05 09:38:00,693 [WARN] PackLoader:240 - Cannot read IP mode file for ITTIA_DB.I-CUBE-ITTIADB.8.9.0
2024-04-05 09:38:00,732 [WARN] PackLoader:240 - Cannot read IP mode file for SEGGER.I-CUBE-embOS.1.3.1
2024-04-05 09:38:00,781 [WARN] PackLoader:240 - Cannot read IP mode file for STMicroelectronics.X-CUBE-GNSS1.6.0.0
2024-04-05 09:38:00,802 [WARN] PackLoader:240 - Cannot read IP mode file for STMicroelectronics.X-CUBE-AZRTOS-F4.1.1.0
2024-04-05 09:38:00,802 [INFO] WebApp:192 - Starting web application
2024-04-05 09:38:00,802 [INFO] WebApp:544 - Web application path used C:\ST\STM32CubeIDE_1.15.0\STM32CubeIDE\plugins\com.st.stm32cube.common.mx_6.11.0.202403141607\db\plugins\mcufinder\reactClient1\index.html
2024-04-05 09:38:00,826 [WARN] PackLoader:240 - Cannot read IP mode file for STMicroelectronics.X-CUBE-AZRTOS-L5.2.0.0
2024-04-05 09:38:00,843 [WARN] PackLoader:240 - Cannot read IP mode file for STMicroelectronics.X-CUBE-NFC6.3.1.0
2024-04-05 09:38:00,854 [WARN] PackLoader:240 - Cannot read IP mode file for STMicroelectronics.X-CUBE-NFC7.1.0.1
2024-04-05 09:38:00,862 [WARN] PackLoader:240 - Cannot read IP mode file for STMicroelectronics.X-CUBE-AI.8.1.0
2024-04-05 09:38:00,889 [WARN] ConditionMgr:438 - getConditionDescription Invalid condition id : LAN8742 Phy interface Condition cause : null
2024-04-05 09:38:00,891 [WARN] PackLoader:240 - Cannot read IP mode file for STMicroelectronics.X-CUBE-AZRTOS-L4.2.0.0
2024-04-05 09:38:00,893 [WARN] ConditionMgr:1039 - genDependencies : Invalid condition id : LAN8742 Phy interface Condition cause : null
2024-04-05 09:38:00,893 [WARN] ConditionMgr:1039 - genDependencies : Invalid condition id : LAN8742 Phy interface Condition cause : null
2024-04-05 09:38:00,894 [WARN] ConditionMgr:1039 - genDependencies : Invalid condition id : LAN8742 Phy interface Condition cause : null
2024-04-05 09:38:00,908 [WARN] PackLoader:240 - Cannot read IP mode file for STMicroelectronics.X-CUBE-SFXS2LP1.4.0.0
2024-04-05 09:38:00,923 [WARN] ConditionMgr:438 - getConditionDescription Invalid condition id : UX DEVICE CLASS RTOS Condition cause : null
2024-04-05 09:38:00,924 [WARN] ConditionMgr:438 - getConditionDescription Invalid condition id : UX DEVICE CLASS RTOS Condition cause : null
2024-04-05 09:38:00,926 [WARN] PackLoader:240 - Cannot read IP mode file for STMicroelectronics.X-CUBE-AZRTOS-WB.2.0.0
2024-04-05 09:38:00,927 [WARN] ConditionMgr:1039 - genDependencies : Invalid condition id : UX DEVICE CLASS RTOS Condition cause : null
2024-04-05 09:38:00,928 [WARN] ConditionMgr:1039 - genDependencies : Invalid condition id : UX DEVICE CLASS RTOS Condition cause : null
2024-04-05 09:38:00,928 [WARN] ConditionMgr:1039 - genDependencies : Invalid condition id : UX DEVICE CLASS RTOS Condition cause : null
2024-04-05 09:38:00,929 [WARN] ConditionMgr:1039 - genDependencies : Invalid condition id : UX DEVICE CLASS RTOS Condition cause : null
2024-04-05 09:38:00,929 [WARN] ConditionMgr:1039 - genDependencies : Invalid condition id : UX DEVICE CLASS RTOS Condition cause : null
2024-04-05 09:38:00,942 [WARN] PackLoader:240 - Cannot read IP mode file for STMicroelectronics.X-CUBE-SUBG2.5.0.0
2024-04-05 09:38:00,976 [WARN] PackLoader:240 - Cannot read IP mode file for STMicroelectronics.X-CUBE-AZRTOS-G4.2.0.0
2024-04-05 09:38:00,990 [WARN] PackLoader:240 - Cannot read IP mode file for STMicroelectronics.FP-SNS-MOTENVWB1.1.3.1
2024-04-05 09:38:00,998 [WARN] PackLoader:240 - Cannot read IP mode file for STMicroelectronics.X-CUBE-ISPU.2.0.0
2024-04-05 09:38:01,046 [WARN] PackLoader:240 - Cannot read IP mode file for STMicroelectronics.X-CUBE-MEMS1.10.0.0
2024-04-05 09:38:01,210 [WARN] PackLoader:240 - Cannot read IP mode file for STMicroelectronics.X-CUBE-FREERTOS.1.1.0
2024-04-05 09:38:01,219 [WARN] PackLoader:240 - Cannot read IP mode file for portGmbH.I-Cube-SoM-uGOAL.1.1.0
2024-04-05 09:38:01,226 [WARN] PackLoader:240 - Cannot read IP mode file for STMicroelectronics.X-CUBE-ALS.1.0.1
2024-04-05 09:38:01,233 [WARN] PackLoader:240 - Cannot read IP mode file for STMicroelectronics.FP-ATR-ASTRA1.2.0.0
2024-04-05 09:38:01,248 [WARN] PackLoader:240 - Cannot read IP mode file for STMicroelectronics.X-CUBE-TOF1.3.4.1
2024-04-05 09:38:01,286 [WARN] PackLoader:240 - Cannot read IP mode file for STMicroelectronics.X-CUBE-AZRTOS-H7.3.2.0
2024-04-05 09:38:01,307 [WARN] PackLoader:240 - Cannot read IP mode file for Infineon.AIROC-Wi-Fi-Bluetooth-STM32.1.6.0
2024-04-05 09:38:01,312 [INFO] ThirdParty:978 - Integrity check success = true
2024-04-05 09:38:01,312 [INFO] IntegrityCheckThread:100 - exiting critical section [integrity check]
2024-04-05 09:38:01,312 [INFO] IntegrityCheckThread:103 - End integrity checks thread
2024-04-05 11:04:27,538 [ERROR] LogOutputStream:75 - [STDERR_REDIRECT] 
